/var/tmp/aazz_190426 | 2026-04-19 16:52:37 | d | 0KB
/var/tmp/aazz_190426/azzz_190426.aaz | 2026-04-19 16:52:37 | f | 3KB
/var/tmp/aazz_190426/azzz_190426.aaz | 2026-04-19 16:52:37 | f | 3KB
/var/tmp/aazz_190426/azzz_190426.aaa | 2026-04-19 16:52:37 | f | 3KB
/var/tmp/aazz_190426/azzz_190426.aaz | 2026-04-19 16:52:37 | f | 3KB
/var/tmp/aazz_190426/aazz_190426.aaz | 2026-04-19 16:52:37 | f | 3KB
/var/tmp/azzz_190426 | 2026-04-19 16:52:37 | d | 0KB
/var/tmp/azzz_190426/aazz_190426.aaz | 2026-04-19 16:52:37 | f | 3KB
/var/tmp/azzz_190426/aazz_190426.azz | 2026-04-19 16:52:38 | f | 3KB
/var/tmp/azzz_190426/aaaz_190426.aaz | 2026-04-19 16:52:38 | f | 3KB
/var/tmp/azzz_190426/aazz_190426.aaz | 2026-04-19 16:52:38 | f | 3KB
/var/tmp/azzz_190426/aaaz_190426.aaa | 2026-04-19 16:52:38 | f | 3KB
/var/tmp/azzz_190426 | 2026-04-19 16:52:38 | d | 0KB
/var/tmp/azzz_190426/aazz_190426.aaa | 2026-04-19 16:52:38 | f | 3KB
/var/tmp/azzz_190426/aazz_190426.aaa | 2026-04-19 16:52:38 | f | 3KB
/var/tmp/azzz_190426/aazz_190426.azz | 2026-04-19 16:52:38 | f | 3KB
/var/tmp/azzz_190426/aazz_190426.aaa | 2026-04-19 16:52:38 | f | 3KB
/var/tmp/azzz_190426/azzz_190426.aaa | 2026-04-19 16:52:38 | f | 3KB
/var/tmp/aazz_190426 | 2026-04-19 16:52:38 | d | 0KB
/var/tmp/aazz_190426/aazz_190426.aaz | 2026-04-19 16:52:38 | f | 3KB
/var/tmp/aazz_190426/aaaz_190426.aaz | 2026-04-19 16:52:38 | f | 3KB
/var/tmp/aazz_190426/aazz_190426.azz | 2026-04-19 16:52:38 | f | 3KB
/var/tmp/aazz_190426/azzz_190426.aaz | 2026-04-19 16:52:38 | f | 3KB
/var/tmp/aazz_190426/aazz_190426.aaz | 2026-04-19 16:52:38 | f | 3KB
