/tmp/aazz_190426 | 2026-04-19 13:27:35 | d | 0KB
/tmp/aazz_190426/aaaz_190426.aaz | 2026-04-19 13:27:35 | f | 3KB
/tmp/aazz_190426/aazz_190426.aaz | 2026-04-19 13:27:35 | f | 3KB
/tmp/aazz_190426/aazz_190426.azz | 2026-04-19 13:27:35 | f | 3KB
/tmp/aazz_190426/azzz_190426.aaa | 2026-04-19 13:27:35 | f | 3KB
/tmp/aazz_190426/aazz_190426.aaa | 2026-04-19 13:27:35 | f | 3KB
/tmp/aazz_190426 | 2026-04-19 13:27:35 | d | 0KB
/tmp/aazz_190426/aazz_190426.aaz | 2026-04-19 13:27:35 | f | 3KB
/tmp/aazz_190426/azzz_190426.aaz | 2026-04-19 13:27:35 | f | 3KB
/tmp/aazz_190426/aazz_190426.aaa | 2026-04-19 13:27:35 | f | 3KB
/tmp/aazz_190426/aaaz_190426.azz | 2026-04-19 13:27:35 | f | 3KB
/tmp/aazz_190426/aazz_190426.azz | 2026-04-19 13:27:35 | f | 3KB
/tmp/aazz_190426 | 2026-04-19 13:27:35 | d | 0KB
/tmp/aazz_190426/aaaz_190426.azz | 2026-04-19 13:27:35 | f | 3KB
/tmp/aazz_190426/aaaz_190426.azz | 2026-04-19 13:27:35 | f | 3KB
/tmp/aazz_190426/aaaz_190426.aaz | 2026-04-19 13:27:35 | f | 3KB
/tmp/aazz_190426/aazz_190426.azz | 2026-04-19 13:27:35 | f | 3KB
/tmp/aazz_190426/aazz_190426.aaa | 2026-04-19 13:27:35 | f | 3KB
/tmp/azzz_190426 | 2026-04-19 13:27:35 | d | 0KB
/tmp/azzz_190426/aazz_190426.azz | 2026-04-19 13:27:35 | f | 3KB
/tmp/azzz_190426/aazz_190426.aaa | 2026-04-19 13:27:35 | f | 3KB
/tmp/azzz_190426/azzz_190426.aaa | 2026-04-19 13:27:35 | f | 3KB
/tmp/azzz_190426/aazz_190426.aaz | 2026-04-19 13:27:35 | f | 3KB
/tmp/azzz_190426/aazz_190426.aaz | 2026-04-19 13:27:35 | f | 3KB
