/var/tmp/aazzz_190426 | 2026-04-19 13:25:07 | d | 0KB
/var/tmp/aazzz_190426/aadss_190426.add | 2026-04-19 13:25:07 | f | 3MB
/var/tmp/aazzz_190426/aadss_190426.aaa | 2026-04-19 13:25:07 | f | 3MB
/var/tmp/aazzz_190426/aadss_190426.add | 2026-04-19 13:25:07 | f | 3MB
/var/tmp/aazzz_190426/aadss_190426.ads | 2026-04-19 13:25:07 | f | 3MB
/var/tmp/aazzz_190426/aadss_190426.aad | 2026-04-19 13:25:07 | f | 3MB
/var/tmp/aazzz_190426/aadss_190426.aad | 2026-04-19 13:25:07 | f | 3MB
/var/tmp/aazzz_190426/aadss_190426.aad | 2026-04-19 13:25:07 | f | 3MB
/var/tmp/aazzz_190426/aadss_190426.aaa | 2026-04-19 13:25:07 | f | 3MB
/var/tmp/aazzz_190426/aadss_190426.add | 2026-04-19 13:25:07 | f | 3MB
/var/tmp/aazzz_190426/aadss_190426.aad | 2026-04-19 13:25:07 | f | 3MB
/var/tmp/aazzz_190426/aadss_190426.aad | 2026-04-19 13:25:07 | f | 3MB
/var/tmp/aazzz_190426/aadss_190426.aad | 2026-04-19 13:25:07 | f | 3MB
/var/tmp/aazzz_190426/aadss_190426.aaa | 2026-04-19 13:25:07 | f | 3MB
/var/tmp/aazzz_190426/aadss_190426.aad | 2026-04-19 13:25:07 | f | 3MB
/var/tmp/aazzz_190426/aadss_190426.aad | 2026-04-19 13:25:07 | f | 3MB
/var/tmp/aazzz_190426/aadss_190426.aad | 2026-04-19 13:25:07 | f | 3MB
/var/tmp/aazzz_190426/aadss_190426.aad | 2026-04-19 13:25:07 | f | 3MB
/tmp/aaazz_190426 | 2026-04-19 13:25:07 | d | 0KB
/tmp/aaazz_190426/aadss_190426.aad | 2026-04-19 13:25:07 | f | 3MB
/tmp/aaazz_190426/aadss_190426.aaa | 2026-04-19 13:25:07 | f | 3MB
/tmp/aaazz_190426/aadss_190426.add | 2026-04-19 13:25:07 | f | 3MB
/tmp/aaazz_190426/aadss_190426.aaa | 2026-04-19 13:25:07 | f | 3MB
/tmp/aaazz_190426/aadss_190426.aad | 2026-04-19 13:25:07 | f | 3MB
/tmp/aaazz_190426/aadss_190426.aad | 2026-04-19 13:25:08 | f | 3MB
/tmp/aaazz_190426/aadss_190426.aaa | 2026-04-19 13:25:08 | f | 3MB
/tmp/aaazz_190426/aadss_190426.aad | 2026-04-19 13:25:08 | f | 3MB
/tmp/aaazz_190426/aadss_190426.aad | 2026-04-19 13:25:08 | f | 3MB
/tmp/aaazz_190426/aadss_190426.aad | 2026-04-19 13:25:08 | f | 3MB
/tmp/aaazz_190426/aadss_190426.aaa | 2026-04-19 13:25:08 | f | 3MB
/tmp/aaazz_190426/aadss_190426.aad | 2026-04-19 13:25:08 | f | 3MB
/tmp/aaazz_190426/aadss_190426.add | 2026-04-19 13:25:08 | f | 3MB
/tmp/aaazz_190426/aadss_190426.aad | 2026-04-19 13:25:08 | f | 3MB
/tmp/aaazz_190426/aadss_190426.add | 2026-04-19 13:25:08 | f | 3MB
/tmp/aaazz_190426/aadss_190426.aad | 2026-04-19 13:25:08 | f | 3MB
/tmp/aaazz_190426/aadss_190426.aad | 2026-04-19 13:25:08 | f | 3MB
/tmp/aaazz_190426/aadss_190426.aad | 2026-04-19 13:25:08 | f | 3MB
/tmp/aaazz_190426/aadss_190426.add | 2026-04-19 13:25:08 | f | 3MB
/tmp/aaazz_190426/aadss_190426.aad | 2026-04-19 13:25:08 | f | 3MB
/tmp/aaazz_190426/aadss_190426.add | 2026-04-19 13:25:08 | f | 3MB
/tmp/aaazz_190426/aadss_190426.aad | 2026-04-19 13:25:08 | f | 3MB
/tmp/aaazz_190426/aadss_190426.add | 2026-04-19 13:25:08 | f | 3MB
/tmp/aaazz_190426/aadss_190426.aad | 2026-04-19 13:25:08 | f | 3MB
/tmp/aaazz_190426/aadss_190426.aad | 2026-04-19 13:25:08 | f | 3MB
/tmp/aaazz_190426/aadss_190426.aad | 2026-04-19 13:25:08 | f | 3MB
/tmp/aaazz_190426/aadss_190426.add | 2026-04-19 13:25:08 | f | 3MB
/tmp/aaazz_190426/aadss_190426.aad | 2026-04-19 13:25:08 | f | 3MB
/tmp/aaazz_190426/aadss_190426.aad | 2026-04-19 13:25:08 | f | 3MB
/tmp/aaazz_190426/aadss_190426.aad | 2026-04-19 13:25:08 | f | 3MB
/tmp/aaazz_190426/aadss_190426.ads | 2026-04-19 13:25:08 | f | 3MB
/tmp/aaazz_190426/aadss_190426.add | 2026-04-19 13:25:08 | f | 3MB
/tmp/aaazz_190426/aadss_190426.aad | 2026-04-19 13:25:08 | f | 3MB
/tmp/aaazz_190426/aadss_190426.aaa | 2026-04-19 13:25:08 | f | 3MB
/tmp/aaazz_190426/aadss_190426.add | 2026-04-19 13:25:08 | f | 3MB
/tmp/aaazz_190426/aadss_190426.aad | 2026-04-19 13:25:08 | f | 3MB
/tmp/aaazz_190426/aadss_190426.ads | 2026-04-19 13:25:08 | f | 3MB
/tmp/aaazz_190426/aadss_190426.add | 2026-04-19 13:25:08 | f | 3MB
