/var/tmp/aazzz_180426 | 2026-04-18 18:12:51 | d | 0KB
/var/tmp/aazzz_180426/aaazz_180426.azz | 2026-04-18 18:12:51 | f | 3MB
/tmp/aaazz_180426 | 2026-04-18 18:12:51 | d | 0KB
/tmp/aaazz_180426/aaazz_180426.azz | 2026-04-18 18:12:51 | f | 3MB
/tmp/aaazz_180426/aaazz_180426.aaz | 2026-04-18 18:12:51 | f | 3MB
/tmp/aaazz_180426/aazzz_180426.aaa | 2026-04-18 18:12:51 | f | 3MB
/tmp/aaazz_180426/aazzz_180426.aaz | 2026-04-18 18:12:51 | f | 3MB
/tmp/aaazz_180426/aaazz_180426.aaa | 2026-04-18 18:12:51 | f | 3MB
/tmp/aaazz_180426/aaazz_180426.aaa | 2026-04-18 18:12:51 | f | 3MB
/tmp/aaazz_180426/aazzz_180426.aaz | 2026-04-18 18:12:51 | f | 3MB
/tmp/aaazz_180426/azzzz_180426.aaa | 2026-04-18 18:12:51 | f | 3MB
/tmp/aaazz_180426/aaazz_180426.aaa | 2026-04-18 18:12:51 | f | 3MB
/tmp/aaazz_180426/aazzz_180426.aaa | 2026-04-18 18:12:51 | f | 3MB
/tmp/aaazz_180426/aazzz_180426.aaz | 2026-04-18 18:12:51 | f | 3MB
/tmp/aaazz_180426/aazzz_180426.azz | 2026-04-18 18:12:51 | f | 3MB
/tmp/aaazz_180426/aazzz_180426.aaz | 2026-04-18 18:12:51 | f | 3MB
/tmp/aaazz_180426/aaazz_180426.aaz | 2026-04-18 18:12:51 | f | 3MB
/tmp/aaazz_180426/aaazz_180426.aaz | 2026-04-18 18:12:51 | f | 3MB
/tmp/aaazz_180426/aaazz_180426.aaa | 2026-04-18 18:12:51 | f | 3MB
/tmp/aaazz_180426/aaazz_180426.aaa | 2026-04-18 18:12:51 | f | 3MB
/tmp/aaazz_180426/aazzz_180426.aaz | 2026-04-18 18:12:51 | f | 3MB
/tmp/aaazz_180426/aazzz_180426.aaz | 2026-04-18 18:12:51 | f | 3MB
/tmp/aaazz_180426/aaaaz_180426.aaz | 2026-04-18 18:12:51 | f | 3MB
/tmp/aaazz_180426/aazzz_180426.aaa | 2026-04-18 18:12:51 | f | 3MB
/tmp/aaazz_180426/aazzz_180426.aaa | 2026-04-18 18:12:51 | f | 3MB
/tmp/aaazz_180426/aaazz_180426.aaa | 2026-04-18 18:12:51 | f | 3MB
/tmp/aaazz_180426/aazzz_180426.aaa | 2026-04-18 18:12:51 | f | 3MB
/tmp/aaazz_180426/aazzz_180426.aaz | 2026-04-18 18:12:51 | f | 3MB
/tmp/aaazz_180426/aaaaz_180426.aaz | 2026-04-18 18:12:51 | f | 3MB
/tmp/aaazz_180426/aazzz_180426.aaa | 2026-04-18 18:12:51 | f | 3MB
/tmp/aaazz_180426/aazzz_180426.aaz | 2026-04-18 18:12:51 | f | 3MB
/tmp/aaazz_180426/aaazz_180426.aaz | 2026-04-18 18:12:51 | f | 3MB
/tmp/aaazz_180426/aazzz_180426.aaz | 2026-04-18 18:12:51 | f | 3MB
/tmp/aaazz_180426/aazzz_180426.aaa | 2026-04-18 18:12:51 | f | 3MB
/tmp/aaazz_180426/aaazz_180426.aaa | 2026-04-18 18:12:51 | f | 3MB
/tmp/aaazz_180426/aaazz_180426.aaa | 2026-04-18 18:12:51 | f | 3MB
/tmp/aaazz_180426/aaazz_180426.aaa | 2026-04-18 18:12:51 | f | 3MB
/tmp/aazzz_180426 | 2026-04-18 18:12:51 | d | 0KB
/tmp/aazzz_180426/aaazz_180426.aaa | 2026-04-18 18:12:51 | f | 3MB
/tmp/aazzz_180426/aaazz_180426.aaz | 2026-04-18 18:12:51 | f | 3MB
/tmp/aazzz_180426/aaazz_180426.aaz | 2026-04-18 18:12:51 | f | 3MB
/tmp/aazzz_180426/aaazz_180426.aaa | 2026-04-18 18:12:51 | f | 3MB
/tmp/aazzz_180426/aazzz_180426.aaz | 2026-04-18 18:12:51 | f | 3MB
/tmp/aazzz_180426/aazzz_180426.azz | 2026-04-18 18:12:51 | f | 3MB
/tmp/aazzz_180426/aaazz_180426.aaz | 2026-04-18 18:12:51 | f | 3MB
/tmp/aazzz_180426/aaazz_180426.azz | 2026-04-18 18:12:51 | f | 3MB
/tmp/aazzz_180426/aaazz_180426.azz | 2026-04-18 18:12:51 | f | 3MB
/tmp/aazzz_180426/aazzz_180426.aaa | 2026-04-18 18:12:51 | f | 3MB
/tmp/aazzz_180426/aaazz_180426.aaz | 2026-04-18 18:12:51 | f | 3MB
/tmp/aazzz_180426/aazzz_180426.aaa | 2026-04-18 18:12:51 | f | 3MB
/tmp/aazzz_180426/aazzz_180426.aaa | 2026-04-18 18:12:51 | f | 3MB
/tmp/aazzz_180426/azzzz_180426.aaa | 2026-04-18 18:12:52 | f | 3MB
/tmp/aazzz_180426/aaazz_180426.azz | 2026-04-18 18:12:52 | f | 3MB
/tmp/aazzz_180426/aaazz_180426.aaz | 2026-04-18 18:12:52 | f | 3MB
/tmp/aazzz_180426/azzzz_180426.aaa | 2026-04-18 18:12:52 | f | 3MB
/tmp/aazzz_180426/aaazz_180426.aaa | 2026-04-18 18:12:52 | f | 3MB
/tmp/aazzz_180426/azzzz_180426.aaa | 2026-04-18 18:12:52 | f | 3MB
/tmp/aazzz_180426/aaazz_180426.aaa | 2026-04-18 18:12:52 | f | 3MB
/tmp/aazzz_180426/azzzz_180426.aaz | 2026-04-18 18:12:52 | f | 3MB
/tmp/aazzz_180426/aazzz_180426.aaa | 2026-04-18 18:12:52 | f | 3MB
/tmp/aazzz_180426/aaaaz_180426.azz | 2026-04-18 18:12:52 | f | 3MB
/tmp/aazzz_180426/aaazz_180426.aaa | 2026-04-18 18:12:52 | f | 3MB
/tmp/aazzz_180426/aazzz_180426.aaz | 2026-04-18 18:12:52 | f | 3MB
/tmp/aazzz_180426/aaazz_180426.aaz | 2026-04-18 18:12:52 | f | 3MB
/tmp/aazzz_180426/aaazz_180426.aaz | 2026-04-18 18:12:52 | f | 3MB
/tmp/aazzz_180426/aazzz_180426.aaa | 2026-04-18 18:12:52 | f | 3MB
/tmp/aazzz_180426/aaaaz_180426.aaa | 2026-04-18 18:12:52 | f | 3MB
/tmp/aazzz_180426/aaazz_180426.aaa | 2026-04-18 18:12:52 | f | 3MB
/tmp/aazzz_180426/aaazz_180426.azz | 2026-04-18 18:12:52 | f | 3MB
/tmp/aazzz_180426/aaazz_180426.aaz | 2026-04-18 18:12:52 | f | 3MB
/tmp/aazzz_180426/aaazz_180426.aaz | 2026-04-18 18:12:52 | f | 3MB
/tmp/aazzz_180426/aazzz_180426.azz | 2026-04-18 18:12:52 | f | 3MB
/tmp/aazzz_180426/azzzz_180426.aaz | 2026-04-18 18:12:52 | f | 3MB
/tmp/aazzz_180426/aaaaz_180426.aaz | 2026-04-18 18:12:52 | f | 3MB
/tmp/aazzz_180426/azzzz_180426.azz | 2026-04-18 18:12:52 | f | 3MB
/tmp/aazzz_180426/aaaaz_180426.aaa | 2026-04-18 18:12:52 | f | 3MB
/tmp/aazzz_180426/aazzz_180426.aaa | 2026-04-18 18:12:52 | f | 3MB
/tmp/aazzz_180426/azzzz_180426.aaa | 2026-04-18 18:12:52 | f | 3MB
/tmp/aazzz_180426/aaazz_180426.aaz | 2026-04-18 18:12:52 | f | 3MB
/tmp/aazzz_180426/aaazz_180426.aaa | 2026-04-18 18:12:52 | f | 3MB
/tmp/aazzz_180426/aazzz_180426.aaa | 2026-04-18 18:12:52 | f | 3MB
/tmp/aazzz_180426/aaaaz_180426.aaz | 2026-04-18 18:12:52 | f | 3MB
/tmp/aazzz_180426 | 2026-04-18 18:12:52 | d | 0KB
/tmp/aazzz_180426/aazzz_180426.aaa | 2026-04-18 18:12:52 | f | 3MB
/tmp/aazzz_180426/aazzz_180426.azz | 2026-04-18 18:12:52 | f | 3MB
/tmp/aazzz_180426/aaazz_180426.aaz | 2026-04-18 18:12:52 | f | 3MB
/tmp/aazzz_180426/aazzz_180426.aaa | 2026-04-18 18:12:52 | f | 3MB
/tmp/aazzz_180426/aaaaz_180426.aaa | 2026-04-18 18:12:52 | f | 3MB
/tmp/aazzz_180426/aazzz_180426.aaz | 2026-04-18 18:12:52 | f | 3MB
/tmp/aazzz_180426/aaazz_180426.aaa | 2026-04-18 18:12:52 | f | 3MB
/tmp/aazzz_180426/azzzz_180426.aaa | 2026-04-18 18:12:52 | f | 3MB
/tmp/aazzz_180426/aaazz_180426.aaz | 2026-04-18 18:12:52 | f | 3MB
/tmp/aazzz_180426/aaaaz_180426.aaz | 2026-04-18 18:12:52 | f | 3MB
/tmp/aazzz_180426/aaazz_180426.aaa | 2026-04-18 18:12:52 | f | 3MB
/tmp/aazzz_180426/aazzz_180426.aaa | 2026-04-18 18:12:52 | f | 3MB
/var/tmp/azzzz_180426 | 2026-04-18 18:12:52 | d | 0KB
/var/tmp/azzzz_180426/aazzz_180426.aaa | 2026-04-18 18:12:52 | f | 3MB
/var/tmp/azzzz_180426/aaaaz_180426.aaa | 2026-04-18 18:12:52 | f | 3MB
/var/tmp/azzzz_180426/aazzz_180426.aaz | 2026-04-18 18:12:52 | f | 3MB
/var/tmp/azzzz_180426/aazzz_180426.aaa | 2026-04-18 18:12:52 | f | 3MB
/var/tmp/azzzz_180426/azzzz_180426.aaa | 2026-04-18 18:12:52 | f | 3MB
/var/tmp/azzzz_180426/aazzz_180426.aaa | 2026-04-18 18:12:52 | f | 3MB
/var/tmp/azzzz_180426/aaazz_180426.aaz | 2026-04-18 18:12:52 | f | 3MB
/var/tmp/azzzz_180426/aazzz_180426.aaz | 2026-04-18 18:12:52 | f | 3MB
/var/tmp/azzzz_180426/aaaaz_180426.aaa | 2026-04-18 18:12:52 | f | 3MB
/var/tmp/azzzz_180426/aaaaz_180426.aaa | 2026-04-18 18:12:52 | f | 3MB
/var/tmp/azzzz_180426/aaazz_180426.azz | 2026-04-18 18:12:52 | f | 3MB
/var/tmp/azzzz_180426/azzzz_180426.aaz | 2026-04-18 18:12:53 | f | 3MB
/var/tmp/azzzz_180426/aazzz_180426.aaz | 2026-04-18 18:12:53 | f | 3MB
/var/tmp/azzzz_180426/aaazz_180426.aaz | 2026-04-18 18:12:53 | f | 3MB
/var/tmp/azzzz_180426/aazzz_180426.aaa | 2026-04-18 18:12:53 | f | 3MB
/var/tmp/azzzz_180426/aazzz_180426.aaz | 2026-04-18 18:12:53 | f | 3MB
/var/tmp/azzzz_180426/aaazz_180426.aaa | 2026-04-18 18:12:53 | f | 3MB
/var/tmp/azzzz_180426/aazzz_180426.aaa | 2026-04-18 18:12:53 | f | 3MB
/var/tmp/aaazz_180426 | 2026-04-18 18:12:53 | d | 0KB
/var/tmp/aaazz_180426/aazzz_180426.azz | 2026-04-18 18:12:53 | f | 3MB
/var/tmp/aaazz_180426/aaazz_180426.aaz | 2026-04-18 18:12:53 | f | 3MB
/var/tmp/aaazz_180426/aazzz_180426.aaz | 2026-04-18 18:12:53 | f | 3MB
/var/tmp/aaazz_180426/aaazz_180426.aaz | 2026-04-18 18:12:53 | f | 3MB
/var/tmp/aaazz_180426/aaaaz_180426.aaz | 2026-04-18 18:12:53 | f | 3MB
/var/tmp/aaazz_180426/aazzz_180426.aaa | 2026-04-18 18:12:53 | f | 3MB
/var/tmp/aaazz_180426/aaazz_180426.aaz | 2026-04-18 18:12:53 | f | 3MB
/var/tmp/aaazz_180426/aaazz_180426.aaa | 2026-04-18 18:12:53 | f | 3MB
/var/tmp/aaazz_180426/aaazz_180426.aaa | 2026-04-18 18:12:53 | f | 3MB
/var/tmp/aaazz_180426/aazzz_180426.aaa | 2026-04-18 18:12:53 | f | 3MB
/var/tmp/aaazz_180426/aazzz_180426.aaa | 2026-04-18 18:12:53 | f | 3MB
/var/tmp/aaazz_180426/aaazz_180426.aaa | 2026-04-18 18:12:53 | f | 3MB
/var/tmp/aaazz_180426/aaaaz_180426.azz | 2026-04-18 18:12:53 | f | 3MB
/var/tmp/aaazz_180426/aaazz_180426.aaz | 2026-04-18 18:12:53 | f | 3MB
/var/tmp/aaazz_180426/aaazz_180426.aaz | 2026-04-18 18:12:53 | f | 3MB
/var/tmp/aaazz_180426/aazzz_180426.aaa | 2026-04-18 18:12:53 | f | 3MB
/var/tmp/aaazz_180426/aaazz_180426.aaa | 2026-04-18 18:12:53 | f | 3MB
/var/tmp/aaazz_180426/aaazz_180426.aaz | 2026-04-18 18:12:53 | f | 3MB
/var/tmp/aaazz_180426/aazzz_180426.aaa | 2026-04-18 18:12:53 | f | 3MB
/var/tmp/aaazz_180426/aazzz_180426.aaa | 2026-04-18 18:12:53 | f | 3MB
/var/tmp/aaazz_180426/aaazz_180426.azz | 2026-04-18 18:12:53 | f | 3MB
/var/tmp/aaazz_180426/azzzz_180426.aaz | 2026-04-18 18:12:53 | f | 3MB
/var/tmp/aaazz_180426/aaaaz_180426.aaa | 2026-04-18 18:12:53 | f | 3MB
/var/tmp/aaazz_180426/aazzz_180426.aaz | 2026-04-18 18:12:53 | f | 3MB
/var/tmp/aaazz_180426/aaazz_180426.aaa | 2026-04-18 18:12:53 | f | 3MB
/var/tmp/aaazz_180426/aazzz_180426.aaa | 2026-04-18 18:12:53 | f | 3MB
/var/tmp/aaazz_180426/aazzz_180426.aaz | 2026-04-18 18:12:53 | f | 3MB
/var/tmp/aaazz_180426/azzzz_180426.aaz | 2026-04-18 18:12:53 | f | 3MB
/var/tmp/aaazz_180426/aaaaz_180426.aaa | 2026-04-18 18:12:53 | f | 3MB
/var/tmp/aaazz_180426/aaazz_180426.aaa | 2026-04-18 18:12:53 | f | 3MB
/var/tmp/aaazz_180426/aaazz_180426.aaa | 2026-04-18 18:12:53 | f | 3MB
/var/tmp/aaazz_180426/aaaaz_180426.aaz | 2026-04-18 18:12:53 | f | 3MB
/var/tmp/aaazz_180426/aaazz_180426.aaz | 2026-04-18 18:12:53 | f | 3MB
/var/tmp/aaazz_180426/aaazz_180426.aaz | 2026-04-18 18:12:53 | f | 3MB
/var/tmp/aaazz_180426/aazzz_180426.aaa | 2026-04-18 18:12:53 | f | 3MB
/var/tmp/aaazz_180426/aaazz_180426.aaz | 2026-04-18 18:12:53 | f | 3MB
/var/tmp/aaazz_180426/aazzz_180426.aaz | 2026-04-18 18:12:53 | f | 3MB
/tmp/aaazz_180426 | 2026-04-18 18:12:53 | d | 0KB
/tmp/aaazz_180426/aaazz_180426.aaa | 2026-04-18 18:12:53 | f | 3MB
/tmp/aaazz_180426/azzzz_180426.aaz | 2026-04-18 18:12:53 | f | 3MB
/tmp/aaazz_180426/aazzz_180426.aaz | 2026-04-18 18:12:53 | f | 3MB
/tmp/aaazz_180426/aaaaz_180426.aaz | 2026-04-18 18:12:53 | f | 3MB
/tmp/aaaaz_180426 | 2026-04-18 18:12:53 | d | 0KB
/tmp/aaaaz_180426/aaazz_180426.aaa | 2026-04-18 18:12:53 | f | 3MB
/tmp/aaaaz_180426/aaaaz_180426.aaz | 2026-04-18 18:12:53 | f | 3MB
/tmp/aaaaz_180426/aaazz_180426.aaz | 2026-04-18 18:12:53 | f | 3MB
/tmp/aaaaz_180426/aaaaz_180426.aaa | 2026-04-18 18:12:53 | f | 3MB
/tmp/aaaaz_180426/aazzz_180426.aaz | 2026-04-18 18:12:53 | f | 3MB
/tmp/aaaaz_180426/azzzz_180426.aaa | 2026-04-18 18:12:53 | f | 3MB
/tmp/aaaaz_180426/aaazz_180426.aaa | 2026-04-18 18:12:54 | f | 3MB
/tmp/aaaaz_180426/aazzz_180426.aaz | 2026-04-18 18:12:54 | f | 3MB
/tmp/aaaaz_180426/aaaaz_180426.aaa | 2026-04-18 18:12:54 | f | 3MB
/tmp/aaaaz_180426/aaazz_180426.aaz | 2026-04-18 18:12:54 | f | 3MB
/tmp/aaaaz_180426/azzzz_180426.azz | 2026-04-18 18:12:54 | f | 3MB
/tmp/aaaaz_180426/azzzz_180426.aaz | 2026-04-18 18:12:54 | f | 3MB
/tmp/aaaaz_180426/aaazz_180426.aaa | 2026-04-18 18:12:54 | f | 3MB
/tmp/aaaaz_180426/aazzz_180426.aaz | 2026-04-18 18:12:54 | f | 3MB
/tmp/aaaaz_180426/azzzz_180426.aaa | 2026-04-18 18:12:55 | f | 3MB
/tmp/aaaaz_180426/aazzz_180426.aaz | 2026-04-18 18:12:55 | f | 3MB
/tmp/aaaaz_180426/aazzz_180426.aaz | 2026-04-18 18:12:55 | f | 3MB
/tmp/aaaaz_180426/aazzz_180426.aaz | 2026-04-18 18:12:55 | f | 3MB
/tmp/aaaaz_180426/aazzz_180426.aaa | 2026-04-18 18:12:55 | f | 3MB
/tmp/aaaaz_180426/aazzz_180426.aaz | 2026-04-18 18:12:55 | f | 3MB
/tmp/aaaaz_180426/aazzz_180426.aaa | 2026-04-18 18:12:55 | f | 3MB
/tmp/aaaaz_180426/aaazz_180426.aaz | 2026-04-18 18:12:55 | f | 3MB
/tmp/aaaaz_180426/aazzz_180426.aaa | 2026-04-18 18:12:55 | f | 3MB
/tmp/aaaaz_180426/azzzz_180426.aaa | 2026-04-18 18:12:55 | f | 3MB
/tmp/aaaaz_180426/aaazz_180426.aaa | 2026-04-18 18:12:55 | f | 3MB
/tmp/aaaaz_180426/aazzz_180426.aaz | 2026-04-18 18:12:55 | f | 3MB
/tmp/aaaaz_180426/aaaaz_180426.aaz | 2026-04-18 18:12:55 | f | 3MB
/tmp/aaaaz_180426/aaazz_180426.aaz | 2026-04-18 18:12:55 | f | 3MB
/tmp/aaaaz_180426/aazzz_180426.aaz | 2026-04-18 18:12:55 | f | 3MB
/tmp/aaaaz_180426/aazzz_180426.aaa | 2026-04-18 18:12:55 | f | 3MB
/tmp/aaaaz_180426/azzzz_180426.aaa | 2026-04-18 18:12:55 | f | 3MB
/tmp/aaaaz_180426/aaazz_180426.aaa | 2026-04-18 18:12:56 | f | 3MB
/tmp/aaaaz_180426/azzzz_180426.aaa | 2026-04-18 18:12:56 | f | 3MB
/tmp/azzzz_180426 | 2026-04-18 18:12:56 | d | 0KB
/tmp/azzzz_180426/azzzz_180426.aaz | 2026-04-18 18:12:56 | f | 3MB
/tmp/azzzz_180426/aazzz_180426.aaz | 2026-04-18 18:12:56 | f | 3MB
/tmp/azzzz_180426/aaazz_180426.aaa | 2026-04-18 18:12:56 | f | 3MB
/tmp/azzzz_180426/aazzz_180426.aaa | 2026-04-18 18:12:56 | f | 3MB
/tmp/azzzz_180426/aaazz_180426.aaz | 2026-04-18 18:12:56 | f | 3MB
/tmp/azzzz_180426/aazzz_180426.aaa | 2026-04-18 18:12:56 | f | 3MB
/tmp/azzzz_180426/aaazz_180426.aaa | 2026-04-18 18:12:56 | f | 3MB
/tmp/azzzz_180426/aazzz_180426.aaa | 2026-04-18 18:12:56 | f | 3MB
/tmp/azzzz_180426/aaazz_180426.aaa | 2026-04-18 18:12:56 | f | 3MB
/tmp/azzzz_180426/aaazz_180426.azz | 2026-04-18 18:12:56 | f | 3MB
/tmp/azzzz_180426/aaazz_180426.aaa | 2026-04-18 18:12:56 | f | 3MB
/tmp/azzzz_180426/aaazz_180426.aaa | 2026-04-18 18:12:56 | f | 3MB
/tmp/azzzz_180426/aaazz_180426.aaa | 2026-04-18 18:12:56 | f | 3MB
/tmp/azzzz_180426/aazzz_180426.aaz | 2026-04-18 18:12:56 | f | 3MB
/tmp/azzzz_180426/aaazz_180426.aaa | 2026-04-18 18:12:56 | f | 3MB
/tmp/azzzz_180426/aaazz_180426.azz | 2026-04-18 18:12:56 | f | 3MB
/tmp/azzzz_180426/aaazz_180426.aaa | 2026-04-18 18:12:56 | f | 3MB
/tmp/azzzz_180426/azzzz_180426.aaa | 2026-04-18 18:12:56 | f | 3MB
/tmp/aazzz_180426 | 2026-04-18 18:12:56 | d | 0KB
/tmp/aazzz_180426/aaazz_180426.aaz | 2026-04-18 18:12:56 | f | 3MB
/tmp/aazzz_180426/aaazz_180426.aaa | 2026-04-18 18:12:56 | f | 3MB
/tmp/aazzz_180426/aazzz_180426.aaz | 2026-04-18 18:12:56 | f | 3MB
/tmp/aazzz_180426/aaazz_180426.aaz | 2026-04-18 18:12:56 | f | 3MB
/tmp/aazzz_180426/azzzz_180426.azz | 2026-04-18 18:12:56 | f | 3MB
/tmp/aazzz_180426/aaaaz_180426.aaa | 2026-04-18 18:12:56 | f | 3MB
/tmp/aazzz_180426/aaazz_180426.aaz | 2026-04-18 18:12:56 | f | 3MB
/tmp/aazzz_180426/aazzz_180426.azz | 2026-04-18 18:12:56 | f | 3MB
/tmp/aazzz_180426/aaazz_180426.aaa | 2026-04-18 18:12:56 | f | 3MB
/tmp/aazzz_180426/aaaaz_180426.azz | 2026-04-18 18:12:56 | f | 3MB
/tmp/aazzz_180426/aazzz_180426.aaa | 2026-04-18 18:12:56 | f | 3MB
/tmp/aazzz_180426/azzzz_180426.aaa | 2026-04-18 18:12:56 | f | 3MB
/tmp/aazzz_180426/aazzz_180426.azz | 2026-04-18 18:12:56 | f | 3MB
/tmp/aazzz_180426/aazzz_180426.aaz | 2026-04-18 18:12:56 | f | 3MB
/tmp/aazzz_180426/aaazz_180426.aaz | 2026-04-18 18:12:56 | f | 3MB
/tmp/aazzz_180426 | 2026-04-18 18:12:56 | d | 0KB
/tmp/aazzz_180426/aazzz_180426.azz | 2026-04-18 18:12:56 | f | 3MB
/tmp/aazzz_180426/aazzz_180426.aaa | 2026-04-18 18:12:56 | f | 3MB
/tmp/aazzz_180426/azzzz_180426.azz | 2026-04-18 18:12:56 | f | 3MB
/tmp/aazzz_180426/aaazz_180426.aaz | 2026-04-18 18:12:56 | f | 3MB
/tmp/aazzz_180426/aaazz_180426.aaz | 2026-04-18 18:12:56 | f | 3MB
/tmp/aazzz_180426/aazzz_180426.aaz | 2026-04-18 18:12:56 | f | 3MB
/var/tmp/aazzz_180426 | 2026-04-18 18:12:56 | d | 0KB
/var/tmp/aazzz_180426/aazzz_180426.aaa | 2026-04-18 18:12:56 | f | 3MB
/var/tmp/aazzz_180426/azzzz_180426.aaa | 2026-04-18 18:12:56 | f | 3MB
/var/tmp/aazzz_180426/aazzz_180426.aaa | 2026-04-18 18:12:56 | f | 3MB
/var/tmp/aazzz_180426/aazzz_180426.aaz | 2026-04-18 18:12:56 | f | 3MB
/var/tmp/aazzz_180426/aaazz_180426.aaz | 2026-04-18 18:12:56 | f | 3MB
/var/tmp/aazzz_180426/aaazz_180426.aaz | 2026-04-18 18:12:56 | f | 3MB
/var/tmp/aazzz_180426/aazzz_180426.aaa | 2026-04-18 18:12:56 | f | 3MB
/var/tmp/aazzz_180426/aaazz_180426.aaz | 2026-04-18 18:12:56 | f | 3MB
/var/tmp/aazzz_180426/azzzz_180426.aaz | 2026-04-18 18:12:56 | f | 3MB
/var/tmp/aazzz_180426/aaaaz_180426.aaa | 2026-04-18 18:12:57 | f | 3MB
/var/tmp/aazzz_180426/aaazz_180426.aaa | 2026-04-18 18:12:57 | f | 3MB
/var/tmp/aazzz_180426/azzzz_180426.aaa | 2026-04-18 18:12:57 | f | 3MB
/var/tmp/aazzz_180426/aaaaz_180426.aaz | 2026-04-18 18:12:57 | f | 3MB
/var/tmp/aazzz_180426/aazzz_180426.aaa | 2026-04-18 18:12:57 | f | 3MB
/var/tmp/aazzz_180426/aazzz_180426.aaa | 2026-04-18 18:12:57 | f | 3MB
/var/tmp/aaaaz_180426 | 2026-04-18 18:12:57 | d | 0KB
/var/tmp/aaaaz_180426/aazzz_180426.aaz | 2026-04-18 18:12:57 | f | 3MB
/var/tmp/aaaaz_180426/aaazz_180426.azz | 2026-04-18 18:12:57 | f | 3MB
/var/tmp/aaaaz_180426/aazzz_180426.aaz | 2026-04-18 18:12:57 | f | 3MB
/var/tmp/aaaaz_180426/aaaaz_180426.aaz | 2026-04-18 18:12:57 | f | 3MB
/var/tmp/aaaaz_180426/azzzz_180426.aaz | 2026-04-18 18:12:57 | f | 3MB
/var/tmp/aaaaz_180426/aaazz_180426.aaa | 2026-04-18 18:12:57 | f | 3MB
/var/tmp/aaaaz_180426/aaazz_180426.azz | 2026-04-18 18:12:57 | f | 3MB
/var/tmp/aaaaz_180426/aaazz_180426.azz | 2026-04-18 18:12:57 | f | 3MB
/var/tmp/aaaaz_180426/aaazz_180426.aaa | 2026-04-18 18:12:57 | f | 3MB
/var/tmp/aaaaz_180426/aaaaz_180426.azz | 2026-04-18 18:12:57 | f | 3MB
/var/tmp/aaaaz_180426/aazzz_180426.aaz | 2026-04-18 18:12:57 | f | 3MB
/var/tmp/aaaaz_180426/aaazz_180426.aaa | 2026-04-18 18:12:57 | f | 3MB
/var/tmp/aaaaz_180426/aaaaz_180426.azz | 2026-04-18 18:12:57 | f | 3MB
/var/tmp/aaaaz_180426/aazzz_180426.aaz | 2026-04-18 18:12:57 | f | 3MB
/var/tmp/aaaaz_180426/aaazz_180426.azz | 2026-04-18 18:12:57 | f | 3MB
/var/tmp/aaaaz_180426/aazzz_180426.aaa | 2026-04-18 18:12:57 | f | 3MB
/var/tmp/aaaaz_180426/aaaaz_180426.aaz | 2026-04-18 18:12:57 | f | 3MB
/var/tmp/aaaaz_180426/aaazz_180426.aaz | 2026-04-18 18:12:57 | f | 3MB
/var/tmp/aaaaz_180426/aazzz_180426.aaa | 2026-04-18 18:12:57 | f | 3MB
/var/tmp/aaaaz_180426/aazzz_180426.aaa | 2026-04-18 18:12:57 | f | 3MB
/var/tmp/aaaaz_180426/aaazz_180426.aaa | 2026-04-18 18:12:57 | f | 3MB
/tmp/aaazz_180426 | 2026-04-18 18:12:57 | d | 0KB
/tmp/aaazz_180426/aazzz_180426.aaa | 2026-04-18 18:12:57 | f | 3MB
/tmp/aaazz_180426/aazzz_180426.aaa | 2026-04-18 18:12:57 | f | 3MB
/tmp/aaazz_180426/aazzz_180426.aaa | 2026-04-18 18:12:57 | f | 3MB
/tmp/aaazz_180426/azzzz_180426.aaa | 2026-04-18 18:12:57 | f | 3MB
/tmp/aaazz_180426/aaaaz_180426.aaa | 2026-04-18 18:12:57 | f | 3MB
/tmp/aaazz_180426/aaazz_180426.aaz | 2026-04-18 18:12:57 | f | 3MB
/tmp/aaazz_180426/aazzz_180426.aaz | 2026-04-18 18:12:57 | f | 3MB
/tmp/aaazz_180426/aazzz_180426.aaz | 2026-04-18 18:12:57 | f | 3MB
/tmp/aaazz_180426/aazzz_180426.aaz | 2026-04-18 18:12:57 | f | 3MB
/tmp/aaazz_180426/aaazz_180426.aaa | 2026-04-18 18:12:57 | f | 3MB
/tmp/aaazz_180426/aaazz_180426.aaa | 2026-04-18 18:12:57 | f | 3MB
/tmp/aaazz_180426/aazzz_180426.azz | 2026-04-18 18:12:57 | f | 3MB
/tmp/aaazz_180426/azzzz_180426.aaa | 2026-04-18 18:12:57 | f | 3MB
/tmp/aaazz_180426 | 2026-04-18 18:12:57 | d | 0KB
/tmp/aaazz_180426/aaazz_180426.aaz | 2026-04-18 18:12:57 | f | 3MB
/tmp/aaazz_180426/aazzz_180426.aaa | 2026-04-18 18:12:57 | f | 3MB
/tmp/aaazz_180426/aaaaz_180426.aaa | 2026-04-18 18:12:57 | f | 3MB
/tmp/aaazz_180426/aazzz_180426.aaz | 2026-04-18 18:12:57 | f | 3MB
/tmp/aaazz_180426/azzzz_180426.aaa | 2026-04-18 18:12:57 | f | 3MB
/tmp/aaazz_180426/aazzz_180426.azz | 2026-04-18 18:12:57 | f | 3MB
/tmp/aaazz_180426/aazzz_180426.aaa | 2026-04-18 18:12:57 | f | 3MB
/tmp/aaazz_180426/aazzz_180426.aaz | 2026-04-18 18:12:57 | f | 3MB
/tmp/aaazz_180426/aazzz_180426.aaa | 2026-04-18 18:12:57 | f | 3MB
/tmp/aaazz_180426/aaazz_180426.aaz | 2026-04-18 18:12:57 | f | 3MB
/tmp/aaazz_180426/aaazz_180426.aaa | 2026-04-18 18:12:57 | f | 3MB
/tmp/aaazz_180426/aazzz_180426.aaz | 2026-04-18 18:12:58 | f | 3MB
/tmp/aaazz_180426/aazzz_180426.aaa | 2026-04-18 18:12:58 | f | 3MB
/tmp/aaazz_180426/aaazz_180426.aaz | 2026-04-18 18:12:58 | f | 3MB
/tmp/aaazz_180426/aaazz_180426.aaa | 2026-04-18 18:12:58 | f | 3MB
/tmp/aaazz_180426/aazzz_180426.aaa | 2026-04-18 18:12:58 | f | 3MB
/tmp/aaazz_180426/aazzz_180426.aaz | 2026-04-18 18:12:58 | f | 3MB
/tmp/aaazz_180426/aaaaz_180426.aaa | 2026-04-18 18:12:58 | f | 3MB
/tmp/aaazz_180426/aaazz_180426.aaa | 2026-04-18 18:12:58 | f | 3MB
/tmp/aaazz_180426/aazzz_180426.aaa | 2026-04-18 18:12:58 | f | 3MB
/tmp/aaazz_180426/aaazz_180426.azz | 2026-04-18 18:12:58 | f | 3MB
/tmp/aaazz_180426/aazzz_180426.aaz | 2026-04-18 18:12:58 | f | 3MB
/tmp/aaazz_180426/aaazz_180426.aaa | 2026-04-18 18:12:58 | f | 3MB
/tmp/aaazz_180426/aaaaz_180426.aaz | 2026-04-18 18:12:58 | f | 3MB
/tmp/aaazz_180426/aazzz_180426.aaz | 2026-04-18 18:12:58 | f | 3MB
/tmp/aaazz_180426/aaazz_180426.aaz | 2026-04-18 18:12:58 | f | 3MB
/tmp/aaazz_180426/aaazz_180426.aaa | 2026-04-18 18:12:58 | f | 3MB
/tmp/aaazz_180426/aaazz_180426.aaa | 2026-04-18 18:12:58 | f | 3MB
/tmp/aaazz_180426/aazzz_180426.azz | 2026-04-18 18:12:58 | f | 3MB
/tmp/aaazz_180426/aaaaz_180426.aaa | 2026-04-18 18:12:58 | f | 3MB
/tmp/aaazz_180426/aaazz_180426.aaz | 2026-04-18 18:12:58 | f | 3MB
/tmp/aaazz_180426/aazzz_180426.aaa | 2026-04-18 18:12:58 | f | 3MB
/tmp/aaazz_180426/aaazz_180426.aaa | 2026-04-18 18:12:58 | f | 3MB
/var/tmp/azzzz_180426 | 2026-04-18 18:12:58 | d | 0KB
/var/tmp/azzzz_180426/aaazz_180426.aaz | 2026-04-18 18:12:58 | f | 3MB
/var/tmp/azzzz_180426/aaaaz_180426.aaa | 2026-04-18 18:12:58 | f | 3MB
/var/tmp/azzzz_180426/aaazz_180426.azz | 2026-04-18 18:12:58 | f | 3MB
/var/tmp/azzzz_180426/azzzz_180426.aaa | 2026-04-18 18:12:58 | f | 3MB
/var/tmp/azzzz_180426/aazzz_180426.aaz | 2026-04-18 18:12:58 | f | 3MB
/var/tmp/azzzz_180426/aazzz_180426.aaz | 2026-04-18 18:12:58 | f | 3MB
/var/tmp/azzzz_180426/aazzz_180426.aaz | 2026-04-18 18:12:58 | f | 3MB
/var/tmp/azzzz_180426/aaazz_180426.azz | 2026-04-18 18:12:58 | f | 3MB
/var/tmp/azzzz_180426/azzzz_180426.aaa | 2026-04-18 18:12:58 | f | 3MB
/var/tmp/azzzz_180426/aazzz_180426.azz | 2026-04-18 18:12:58 | f | 3MB
/var/tmp/azzzz_180426/aazzz_180426.aaz | 2026-04-18 18:12:58 | f | 3MB
/var/tmp/azzzz_180426/aaazz_180426.aaz | 2026-04-18 18:12:58 | f | 3MB
/var/tmp/azzzz_180426/aazzz_180426.aaa | 2026-04-18 18:12:58 | f | 3MB
/var/tmp/azzzz_180426/aaazz_180426.aaa | 2026-04-18 18:12:58 | f | 3MB
/var/tmp/azzzz_180426/aaazz_180426.aaz | 2026-04-18 18:12:58 | f | 3MB
/var/tmp/azzzz_180426/aazzz_180426.aaz | 2026-04-18 18:12:58 | f | 3MB
/var/tmp/azzzz_180426/aaazz_180426.aaz | 2026-04-18 18:12:58 | f | 3MB
/var/tmp/azzzz_180426/aaaaz_180426.aaa | 2026-04-18 18:12:58 | f | 3MB
/var/tmp/azzzz_180426/aaazz_180426.aaz | 2026-04-18 18:12:58 | f | 3MB
/var/tmp/azzzz_180426/azzzz_180426.aaa | 2026-04-18 18:12:58 | f | 3MB
/var/tmp/azzzz_180426/aazzz_180426.azz | 2026-04-18 18:12:58 | f | 3MB
/var/tmp/azzzz_180426/aazzz_180426.aaa | 2026-04-18 18:12:58 | f | 3MB
/var/tmp/azzzz_180426/aazzz_180426.azz | 2026-04-18 18:12:58 | f | 3MB
/var/tmp/azzzz_180426/aazzz_180426.aaz | 2026-04-18 18:12:58 | f | 3MB
/var/tmp/azzzz_180426/aaazz_180426.aaz | 2026-04-18 18:12:58 | f | 3MB
/var/tmp/azzzz_180426/aazzz_180426.aaz | 2026-04-18 18:12:58 | f | 3MB
/var/tmp/azzzz_180426/azzzz_180426.azz | 2026-04-18 18:12:58 | f | 3MB
/var/tmp/aazzz_180426 | 2026-04-18 18:12:58 | d | 0KB
/var/tmp/aazzz_180426/aazzz_180426.aaa | 2026-04-18 18:12:58 | f | 3MB
/var/tmp/aazzz_180426/aazzz_180426.aaa | 2026-04-18 18:12:58 | f | 3MB
/var/tmp/aazzz_180426/aaazz_180426.aaz | 2026-04-18 18:12:58 | f | 3MB
/var/tmp/aazzz_180426/aaazz_180426.aaa | 2026-04-18 18:12:58 | f | 3MB
/var/tmp/aazzz_180426/aazzz_180426.aaz | 2026-04-18 18:12:58 | f | 3MB
/var/tmp/aazzz_180426/aaazz_180426.aaa | 2026-04-18 18:12:59 | f | 3MB
/var/tmp/aazzz_180426/aaaaz_180426.aaz | 2026-04-18 18:12:59 | f | 3MB
/var/tmp/aazzz_180426/aaazz_180426.aaz | 2026-04-18 18:12:59 | f | 3MB
/var/tmp/aazzz_180426/aazzz_180426.aaa | 2026-04-18 18:12:59 | f | 3MB
/var/tmp/aazzz_180426/aazzz_180426.aaz | 2026-04-18 18:12:59 | f | 3MB
/var/tmp/aazzz_180426/aaaaz_180426.aaa | 2026-04-18 18:12:59 | f | 3MB
/var/tmp/aazzz_180426/aaaaz_180426.aaz | 2026-04-18 18:12:59 | f | 3MB
/var/tmp/aazzz_180426/aaazz_180426.aaz | 2026-04-18 18:12:59 | f | 3MB
/var/tmp/aazzz_180426/aazzz_180426.aaz | 2026-04-18 18:12:59 | f | 3MB
/var/tmp/aazzz_180426/aaazz_180426.aaz | 2026-04-18 18:12:59 | f | 3MB
/var/tmp/aazzz_180426/aaazz_180426.aaz | 2026-04-18 18:12:59 | f | 3MB
/var/tmp/aazzz_180426/aazzz_180426.aaa | 2026-04-18 18:12:59 | f | 3MB
/var/tmp/aazzz_180426/aaaaz_180426.aaa | 2026-04-18 18:12:59 | f | 3MB
/var/tmp/aazzz_180426/aaazz_180426.azz | 2026-04-18 18:12:59 | f | 3MB
/var/tmp/aazzz_180426/aaazz_180426.aaa | 2026-04-18 18:12:59 | f | 3MB
/var/tmp/aazzz_180426/aaazz_180426.azz | 2026-04-18 18:12:59 | f | 3MB
/var/tmp/aazzz_180426/aazzz_180426.aaa | 2026-04-18 18:12:59 | f | 3MB
/var/tmp/aazzz_180426/aaaaz_180426.aaz | 2026-04-18 18:12:59 | f | 3MB
/var/tmp/aazzz_180426/aaaaz_180426.aaz | 2026-04-18 18:12:59 | f | 3MB
/var/tmp/aazzz_180426/aazzz_180426.aaa | 2026-04-18 18:12:59 | f | 3MB
/var/tmp/aazzz_180426/aazzz_180426.aaa | 2026-04-18 18:12:59 | f | 3MB
/var/tmp/aazzz_180426/aazzz_180426.aaa | 2026-04-18 18:12:59 | f | 3MB
/var/tmp/aazzz_180426/aaazz_180426.aaa | 2026-04-18 18:12:59 | f | 3MB
/var/tmp/aazzz_180426/azzzz_180426.aaa | 2026-04-18 18:12:59 | f | 3MB
/var/tmp/aazzz_180426/aaazz_180426.aaz | 2026-04-18 18:12:59 | f | 3MB
/var/tmp/aazzz_180426/azzzz_180426.aaa | 2026-04-18 18:12:59 | f | 3MB
/var/tmp/aazzz_180426/aazzz_180426.aaz | 2026-04-18 18:12:59 | f | 3MB
/var/tmp/aazzz_180426/azzzz_180426.azz | 2026-04-18 18:12:59 | f | 3MB
/var/tmp/aazzz_180426/aaazz_180426.aaa | 2026-04-18 18:12:59 | f | 3MB
/var/tmp/aazzz_180426/aazzz_180426.aaa | 2026-04-18 18:12:59 | f | 3MB
/var/tmp/aazzz_180426/aaazz_180426.aaa | 2026-04-18 18:12:59 | f | 3MB
/var/tmp/aazzz_180426/aazzz_180426.aaa | 2026-04-18 18:12:59 | f | 3MB
/var/tmp/aazzz_180426/aazzz_180426.aaz | 2026-04-18 18:12:59 | f | 3MB
/var/tmp/aazzz_180426/aaazz_180426.aaz | 2026-04-18 18:12:59 | f | 3MB
/var/tmp/aazzz_180426/aazzz_180426.aaz | 2026-04-18 18:12:59 | f | 3MB
/var/tmp/aazzz_180426/aaazz_180426.aaz | 2026-04-18 18:12:59 | f | 3MB
/var/tmp/aaazz_180426 | 2026-04-18 18:12:59 | d | 0KB
/var/tmp/aaazz_180426/aaazz_180426.aaz | 2026-04-18 18:12:59 | f | 3MB
/var/tmp/aaazz_180426/aaazz_180426.aaa | 2026-04-18 18:12:59 | f | 3MB
/var/tmp/aaazz_180426/aaazz_180426.aaz | 2026-04-18 18:12:59 | f | 3MB
/var/tmp/aaazz_180426/aaazz_180426.aaa | 2026-04-18 18:12:59 | f | 3MB
/var/tmp/aaazz_180426/aaazz_180426.aaa | 2026-04-18 18:12:59 | f | 3MB
/var/tmp/aaazz_180426/aaazz_180426.aaa | 2026-04-18 18:12:59 | f | 3MB
/var/tmp/aaazz_180426/aaaaz_180426.aaz | 2026-04-18 18:12:59 | f | 3MB
/var/tmp/aaazz_180426/aazzz_180426.aaa | 2026-04-18 18:12:59 | f | 3MB
/var/tmp/aaazz_180426/aazzz_180426.azz | 2026-04-18 18:12:59 | f | 3MB
/var/tmp/aaazz_180426/azzzz_180426.aaa | 2026-04-18 18:12:59 | f | 3MB
/var/tmp/aaazz_180426/aaazz_180426.aaa | 2026-04-18 18:12:59 | f | 3MB
/var/tmp/aaazz_180426/aazzz_180426.aaz | 2026-04-18 18:12:59 | f | 3MB
/var/tmp/aaazz_180426/aaazz_180426.aaz | 2026-04-18 18:12:59 | f | 3MB
/var/tmp/aaazz_180426/aazzz_180426.azz | 2026-04-18 18:12:59 | f | 3MB
/var/tmp/aaazz_180426/aazzz_180426.aaa | 2026-04-18 18:12:59 | f | 3MB
/var/tmp/aaazz_180426/aazzz_180426.aaa | 2026-04-18 18:12:59 | f | 3MB
/var/tmp/aaazz_180426/aazzz_180426.aaa | 2026-04-18 18:12:59 | f | 3MB
/var/tmp/aaazz_180426/azzzz_180426.aaa | 2026-04-18 18:12:59 | f | 3MB
/var/tmp/aaazz_180426/azzzz_180426.aaz | 2026-04-18 18:12:59 | f | 3MB
/var/tmp/aaazz_180426/aaazz_180426.aaz | 2026-04-18 18:13:00 | f | 3MB
/var/tmp/aaazz_180426/aazzz_180426.aaz | 2026-04-18 18:13:00 | f | 3MB
/tmp/aaazz_180426 | 2026-04-18 18:13:00 | d | 0KB
/tmp/aaazz_180426/aaazz_180426.aaa | 2026-04-18 18:13:00 | f | 3MB
/tmp/aaazz_180426/aaazz_180426.aaa | 2026-04-18 18:13:00 | f | 3MB
/tmp/aaazz_180426/aaazz_180426.aaa | 2026-04-18 18:13:00 | f | 3MB
/tmp/aaazz_180426/aaazz_180426.aaz | 2026-04-18 18:13:00 | f | 3MB
/tmp/aaazz_180426/aaazz_180426.aaa | 2026-04-18 18:13:00 | f | 3MB
/tmp/aaazz_180426/aaaaz_180426.aaa | 2026-04-18 18:13:00 | f | 3MB
/tmp/aaazz_180426/aazzz_180426.aaa | 2026-04-18 18:13:00 | f | 3MB
/tmp/aaazz_180426/aaazz_180426.aaa | 2026-04-18 18:13:00 | f | 3MB
/tmp/aaazz_180426/aazzz_180426.aaz | 2026-04-18 18:13:00 | f | 3MB
/tmp/aaazz_180426/aazzz_180426.aaa | 2026-04-18 18:13:00 | f | 3MB
/var/tmp/aaaaz_180426 | 2026-04-18 18:13:00 | d | 0KB
/var/tmp/aaaaz_180426/aazzz_180426.aaz | 2026-04-18 18:13:00 | f | 3MB
/var/tmp/aaaaz_180426/aaazz_180426.aaz | 2026-04-18 18:13:00 | f | 3MB
/var/tmp/aaaaz_180426/aazzz_180426.aaa | 2026-04-18 18:13:00 | f | 3MB
/var/tmp/aaaaz_180426/aazzz_180426.azz | 2026-04-18 18:13:00 | f | 3MB
/var/tmp/aaaaz_180426/aaazz_180426.aaa | 2026-04-18 18:13:00 | f | 3MB
/var/tmp/aaaaz_180426/aazzz_180426.aaz | 2026-04-18 18:13:00 | f | 3MB
/var/tmp/aaaaz_180426/azzzz_180426.azz | 2026-04-18 18:13:00 | f | 3MB
/var/tmp/aaaaz_180426/azzzz_180426.aaa | 2026-04-18 18:13:00 | f | 3MB
/var/tmp/aaaaz_180426/aaazz_180426.aaa | 2026-04-18 18:13:00 | f | 3MB
/var/tmp/aaaaz_180426/aaazz_180426.aaa | 2026-04-18 18:13:00 | f | 3MB
/var/tmp/aaaaz_180426/aaazz_180426.aaa | 2026-04-18 18:13:00 | f | 3MB
/var/tmp/aaaaz_180426/azzzz_180426.azz | 2026-04-18 18:13:00 | f | 3MB
/var/tmp/aaaaz_180426/aazzz_180426.aaa | 2026-04-18 18:13:00 | f | 3MB
/var/tmp/aaaaz_180426/aazzz_180426.aaz | 2026-04-18 18:13:00 | f | 3MB
/tmp/aaazz_180426 | 2026-04-18 18:13:00 | d | 0KB
/tmp/aaazz_180426/aaaaz_180426.aaa | 2026-04-18 18:13:00 | f | 3MB
/tmp/aaazz_180426/aazzz_180426.aaa | 2026-04-18 18:13:00 | f | 3MB
/tmp/aaazz_180426/azzzz_180426.azz | 2026-04-18 18:13:00 | f | 3MB
/tmp/aaazz_180426/aaazz_180426.aaa | 2026-04-18 18:13:00 | f | 3MB
/tmp/aaazz_180426/aazzz_180426.aaz | 2026-04-18 18:13:00 | f | 3MB
/tmp/aaazz_180426/aaaaz_180426.aaa | 2026-04-18 18:13:00 | f | 3MB
/tmp/aaazz_180426/aaazz_180426.aaa | 2026-04-18 18:13:00 | f | 3MB
/tmp/aaazz_180426/aazzz_180426.aaz | 2026-04-18 18:13:00 | f | 3MB
/tmp/aaazz_180426/aaazz_180426.aaz | 2026-04-18 18:13:00 | f | 3MB
/tmp/aaazz_180426/aazzz_180426.aaa | 2026-04-18 18:13:00 | f | 3MB
/tmp/aaazz_180426/aazzz_180426.aaz | 2026-04-18 18:13:00 | f | 3MB
/tmp/aaazz_180426/aazzz_180426.aaa | 2026-04-18 18:13:00 | f | 3MB
/tmp/aaazz_180426/aaazz_180426.aaz | 2026-04-18 18:13:00 | f | 3MB
/tmp/aaazz_180426/aaazz_180426.aaz | 2026-04-18 18:13:00 | f | 3MB
/tmp/aaazz_180426/aaazz_180426.azz | 2026-04-18 18:13:00 | f | 3MB
/tmp/aaazz_180426/aazzz_180426.aaa | 2026-04-18 18:13:00 | f | 3MB
/tmp/aaazz_180426/aazzz_180426.aaz | 2026-04-18 18:13:00 | f | 3MB
/tmp/aazzz_180426 | 2026-04-18 18:13:00 | d | 0KB
/tmp/aazzz_180426/aaaaz_180426.aaa | 2026-04-18 18:13:00 | f | 3MB
/tmp/aazzz_180426/aaazz_180426.aaz | 2026-04-18 18:13:00 | f | 3MB
/tmp/aazzz_180426/aazzz_180426.aaz | 2026-04-18 18:13:00 | f | 3MB
/tmp/aazzz_180426/aaazz_180426.aaa | 2026-04-18 18:13:00 | f | 3MB
/tmp/aazzz_180426/aaazz_180426.aaa | 2026-04-18 18:13:00 | f | 3MB
/tmp/aazzz_180426/aaazz_180426.aaz | 2026-04-18 18:13:00 | f | 3MB
/tmp/aazzz_180426/aazzz_180426.aaz | 2026-04-18 18:13:00 | f | 3MB
/tmp/aazzz_180426/aaazz_180426.aaa | 2026-04-18 18:13:00 | f | 3MB
/tmp/aazzz_180426/aaaaz_180426.azz | 2026-04-18 18:13:00 | f | 3MB
/var/tmp/aaazz_180426 | 2026-04-18 18:13:00 | d | 0KB
/var/tmp/aaazz_180426/aaaaz_180426.azz | 2026-04-18 18:13:01 | f | 3MB
/var/tmp/aaazz_180426/aazzz_180426.aaz | 2026-04-18 18:13:01 | f | 3MB
/var/tmp/aaazz_180426/azzzz_180426.aaz | 2026-04-18 18:13:01 | f | 3MB
/var/tmp/aaazz_180426/aaaaz_180426.aaa | 2026-04-18 18:13:01 | f | 3MB
/var/tmp/aaazz_180426/aazzz_180426.aaz | 2026-04-18 18:13:01 | f | 3MB
/var/tmp/aaazz_180426/aaazz_180426.aaa | 2026-04-18 18:13:01 | f | 3MB
/var/tmp/aaazz_180426/aaaaz_180426.aaa | 2026-04-18 18:13:01 | f | 3MB
/var/tmp/aaazz_180426/aaazz_180426.aaa | 2026-04-18 18:13:01 | f | 3MB
/var/tmp/aaazz_180426/aaaaz_180426.aaa | 2026-04-18 18:13:01 | f | 3MB
/var/tmp/aaazz_180426/aazzz_180426.aaz | 2026-04-18 18:13:01 | f | 3MB
/var/tmp/aaazz_180426/aazzz_180426.aaz | 2026-04-18 18:13:01 | f | 3MB
/var/tmp/aaazz_180426/aazzz_180426.aaz | 2026-04-18 18:13:01 | f | 3MB
/var/tmp/aazzz_180426 | 2026-04-18 18:13:01 | d | 0KB
/var/tmp/aazzz_180426/aaazz_180426.aaz | 2026-04-18 18:13:01 | f | 3MB
/var/tmp/aazzz_180426/aaazz_180426.aaa | 2026-04-18 18:13:01 | f | 3MB
/var/tmp/aazzz_180426/aazzz_180426.azz | 2026-04-18 18:13:01 | f | 3MB
/var/tmp/aazzz_180426/aaaaz_180426.aaz | 2026-04-18 18:13:01 | f | 3MB
/var/tmp/aazzz_180426/aaazz_180426.aaz | 2026-04-18 18:13:01 | f | 3MB
/var/tmp/aazzz_180426/aaazz_180426.aaa | 2026-04-18 18:13:01 | f | 3MB
/var/tmp/aazzz_180426/aaaaz_180426.aaa | 2026-04-18 18:13:01 | f | 3MB
/var/tmp/aazzz_180426/aaaaz_180426.aaa | 2026-04-18 18:13:01 | f | 3MB
/var/tmp/aazzz_180426/aazzz_180426.aaa | 2026-04-18 18:13:01 | f | 3MB
/var/tmp/aazzz_180426/aaazz_180426.aaz | 2026-04-18 18:13:01 | f | 3MB
/var/tmp/aazzz_180426/aaazz_180426.aaz | 2026-04-18 18:13:01 | f | 3MB
/var/tmp/aazzz_180426/aaazz_180426.aaa | 2026-04-18 18:13:01 | f | 3MB
/var/tmp/aazzz_180426/aazzz_180426.aaz | 2026-04-18 18:13:01 | f | 3MB
/var/tmp/aazzz_180426/aazzz_180426.aaa | 2026-04-18 18:13:01 | f | 3MB
/var/tmp/aazzz_180426/aaazz_180426.aaz | 2026-04-18 18:13:01 | f | 3MB
/var/tmp/aazzz_180426/aazzz_180426.aaa | 2026-04-18 18:13:01 | f | 3MB
/var/tmp/aazzz_180426/aazzz_180426.aaz | 2026-04-18 18:13:01 | f | 3MB
/var/tmp/aazzz_180426/azzzz_180426.aaa | 2026-04-18 18:13:01 | f | 3MB
/var/tmp/aazzz_180426/aaazz_180426.aaa | 2026-04-18 18:13:01 | f | 3MB
/var/tmp/aazzz_180426/aaazz_180426.aaa | 2026-04-18 18:13:01 | f | 3MB
/var/tmp/aazzz_180426/aaaaz_180426.aaz | 2026-04-18 18:13:01 | f | 3MB
/var/tmp/aazzz_180426/aazzz_180426.azz | 2026-04-18 18:13:01 | f | 3MB
/var/tmp/aazzz_180426/aaaaz_180426.aaz | 2026-04-18 18:13:01 | f | 3MB
/var/tmp/aazzz_180426/aaazz_180426.aaz | 2026-04-18 18:13:01 | f | 3MB
/var/tmp/aazzz_180426/aaazz_180426.aaz | 2026-04-18 18:13:01 | f | 3MB
/var/tmp/aazzz_180426/aazzz_180426.aaa | 2026-04-18 18:13:01 | f | 3MB
/var/tmp/aazzz_180426/aaazz_180426.aaz | 2026-04-18 18:13:01 | f | 3MB
/var/tmp/aazzz_180426/azzzz_180426.aaz | 2026-04-18 18:13:01 | f | 3MB
/var/tmp/aazzz_180426/aaazz_180426.aaa | 2026-04-18 18:13:01 | f | 3MB
/var/tmp/aazzz_180426/aazzz_180426.aaa | 2026-04-18 18:13:01 | f | 3MB
/var/tmp/aazzz_180426/azzzz_180426.aaz | 2026-04-18 18:13:01 | f | 3MB
/var/tmp/aazzz_180426/aaazz_180426.aaz | 2026-04-18 18:13:01 | f | 3MB
/var/tmp/aazzz_180426/azzzz_180426.aaz | 2026-04-18 18:13:01 | f | 3MB
/var/tmp/aazzz_180426/aazzz_180426.aaa | 2026-04-18 18:13:01 | f | 3MB
/var/tmp/aazzz_180426/aazzz_180426.aaa | 2026-04-18 18:13:01 | f | 3MB
/var/tmp/aazzz_180426/aazzz_180426.aaa | 2026-04-18 18:13:01 | f | 3MB
/var/tmp/aazzz_180426/aazzz_180426.aaa | 2026-04-18 18:13:01 | f | 3MB
/var/tmp/aazzz_180426/aaazz_180426.aaz | 2026-04-18 18:13:01 | f | 3MB
/var/tmp/aazzz_180426/aazzz_180426.aaa | 2026-04-18 18:13:01 | f | 3MB
/var/tmp/aazzz_180426/aazzz_180426.aaz | 2026-04-18 18:13:01 | f | 3MB
/var/tmp/aazzz_180426/aaazz_180426.aaa | 2026-04-18 18:13:01 | f | 3MB
/var/tmp/aazzz_180426/aaazz_180426.aaz | 2026-04-18 18:13:01 | f | 3MB
/var/tmp/aazzz_180426/aaazz_180426.aaz | 2026-04-18 18:13:01 | f | 3MB
/var/tmp/aazzz_180426/aaaaz_180426.aaz | 2026-04-18 18:13:02 | f | 3MB
/var/tmp/aazzz_180426/aazzz_180426.aaz | 2026-04-18 18:13:02 | f | 3MB
/var/tmp/aazzz_180426/azzzz_180426.azz | 2026-04-18 18:13:02 | f | 3MB
/var/tmp/aazzz_180426/aazzz_180426.aaz | 2026-04-18 18:13:02 | f | 3MB
/var/tmp/aazzz_180426/aaazz_180426.aaa | 2026-04-18 18:13:02 | f | 3MB
/var/tmp/aazzz_180426/aazzz_180426.aaz | 2026-04-18 18:13:02 | f | 3MB
/var/tmp/aaazz_180426 | 2026-04-18 18:13:02 | d | 0KB
/var/tmp/aaazz_180426/aazzz_180426.aaz | 2026-04-18 18:13:02 | f | 3MB
/var/tmp/aaazz_180426/aaazz_180426.aaz | 2026-04-18 18:13:02 | f | 3MB
/var/tmp/aaazz_180426/aazzz_180426.aaz | 2026-04-18 18:13:02 | f | 3MB
/var/tmp/aaazz_180426/aazzz_180426.azz | 2026-04-18 18:13:02 | f | 3MB
/var/tmp/aaazz_180426/aaazz_180426.aaa | 2026-04-18 18:13:02 | f | 3MB
/var/tmp/aaazz_180426/azzzz_180426.aaz | 2026-04-18 18:13:02 | f | 3MB
/var/tmp/aaazz_180426/aazzz_180426.aaz | 2026-04-18 18:13:02 | f | 3MB
/var/tmp/aaazz_180426/aaazz_180426.aaa | 2026-04-18 18:13:02 | f | 3MB
/var/tmp/aaazz_180426/aazzz_180426.azz | 2026-04-18 18:13:02 | f | 3MB
/var/tmp/aaazz_180426/aazzz_180426.aaz | 2026-04-18 18:13:02 | f | 3MB
/tmp/aaazz_180426 | 2026-04-18 18:13:02 | d | 0KB
/tmp/aaazz_180426/aaazz_180426.aaz | 2026-04-18 18:13:02 | f | 3MB
/tmp/aaazz_180426/aazzz_180426.aaa | 2026-04-18 18:13:02 | f | 3MB
/tmp/aaazz_180426/aaazz_180426.aaa | 2026-04-18 18:13:02 | f | 3MB
/tmp/aaazz_180426/aaaaz_180426.aaa | 2026-04-18 18:13:02 | f | 3MB
/tmp/aaazz_180426 | 2026-04-18 18:13:02 | d | 0KB
/tmp/aaazz_180426/aazzz_180426.aaz | 2026-04-18 18:13:02 | f | 3MB
/tmp/aaazz_180426/aazzz_180426.aaz | 2026-04-18 18:13:02 | f | 3MB
/tmp/aaazz_180426/aaaaz_180426.aaz | 2026-04-18 18:13:02 | f | 3MB
/tmp/aaazz_180426/aaazz_180426.aaa | 2026-04-18 18:13:02 | f | 3MB
/tmp/aazzz_180426 | 2026-04-18 18:13:02 | d | 0KB
/tmp/aazzz_180426/aaaaz_180426.aaz | 2026-04-18 18:13:02 | f | 3MB
/tmp/aazzz_180426/aazzz_180426.aaa | 2026-04-18 18:13:02 | f | 3MB
/tmp/aazzz_180426/aaazz_180426.aaa | 2026-04-18 18:13:02 | f | 3MB
/tmp/aazzz_180426/azzzz_180426.aaa | 2026-04-18 18:13:02 | f | 3MB
/tmp/aazzz_180426/aazzz_180426.aaa | 2026-04-18 18:13:02 | f | 3MB
/tmp/aazzz_180426/azzzz_180426.aaz | 2026-04-18 18:13:02 | f | 3MB
/tmp/aazzz_180426/aaazz_180426.aaz | 2026-04-18 18:13:02 | f | 3MB
/tmp/aazzz_180426/aaazz_180426.azz | 2026-04-18 18:13:02 | f | 3MB
/tmp/aazzz_180426/azzzz_180426.aaa | 2026-04-18 18:13:02 | f | 3MB
/tmp/aazzz_180426/aazzz_180426.aaa | 2026-04-18 18:13:02 | f | 3MB
/tmp/aazzz_180426/aazzz_180426.aaz | 2026-04-18 18:13:02 | f | 3MB
/tmp/aazzz_180426/aazzz_180426.aaz | 2026-04-18 18:13:02 | f | 3MB
/tmp/aazzz_180426/aaazz_180426.aaz | 2026-04-18 18:13:02 | f | 3MB
/tmp/aazzz_180426/aaazz_180426.aaa | 2026-04-18 18:13:02 | f | 3MB
/tmp/aazzz_180426/aazzz_180426.aaa | 2026-04-18 18:13:02 | f | 3MB
/tmp/aazzz_180426/aaazz_180426.aaa | 2026-04-18 18:13:02 | f | 3MB
/tmp/aazzz_180426/aaaaz_180426.aaa | 2026-04-18 18:13:02 | f | 3MB
/tmp/aazzz_180426/aaazz_180426.aaa | 2026-04-18 18:13:02 | f | 3MB
/tmp/aazzz_180426/aazzz_180426.aaa | 2026-04-18 18:13:02 | f | 3MB
/tmp/aazzz_180426/aazzz_180426.aaa | 2026-04-18 18:13:02 | f | 3MB
/tmp/aazzz_180426/azzzz_180426.aaa | 2026-04-18 18:13:02 | f | 3MB
/tmp/aazzz_180426/aazzz_180426.aaz | 2026-04-18 18:13:02 | f | 3MB
/tmp/aazzz_180426/aaazz_180426.aaz | 2026-04-18 18:13:02 | f | 3MB
/tmp/aazzz_180426/azzzz_180426.aaa | 2026-04-18 18:13:02 | f | 3MB
/tmp/aazzz_180426/aazzz_180426.aaz | 2026-04-18 18:13:02 | f | 3MB
/tmp/aazzz_180426/aazzz_180426.aaz | 2026-04-18 18:13:02 | f | 3MB
/tmp/aazzz_180426/aaaaz_180426.aaz | 2026-04-18 18:13:02 | f | 3MB
/tmp/aazzz_180426/aazzz_180426.aaa | 2026-04-18 18:13:02 | f | 3MB
/tmp/aazzz_180426/aaazz_180426.aaa | 2026-04-18 18:13:02 | f | 3MB
/tmp/aazzz_180426/aaazz_180426.aaa | 2026-04-18 18:13:03 | f | 3MB
/tmp/aazzz_180426/aazzz_180426.azz | 2026-04-18 18:13:03 | f | 3MB
/tmp/aazzz_180426/aaaaz_180426.aaa | 2026-04-18 18:13:03 | f | 3MB
/tmp/aazzz_180426/aazzz_180426.aaz | 2026-04-18 18:13:03 | f | 3MB
/tmp/aazzz_180426/aaaaz_180426.aaa | 2026-04-18 18:13:03 | f | 3MB
/tmp/aazzz_180426/aazzz_180426.aaa | 2026-04-18 18:13:03 | f | 3MB
/tmp/aazzz_180426/aaazz_180426.aaa | 2026-04-18 18:13:03 | f | 3MB
/tmp/aazzz_180426/aaazz_180426.aaa | 2026-04-18 18:13:03 | f | 3MB
/tmp/aazzz_180426/aazzz_180426.aaa | 2026-04-18 18:13:03 | f | 3MB
/tmp/aazzz_180426/aaazz_180426.aaz | 2026-04-18 18:13:03 | f | 3MB
/tmp/aazzz_180426/aaazz_180426.aaz | 2026-04-18 18:13:03 | f | 3MB
/tmp/aazzz_180426/aaaaz_180426.aaz | 2026-04-18 18:13:03 | f | 3MB
/var/tmp/aazzz_180426 | 2026-04-18 18:13:03 | d | 0KB
/var/tmp/aazzz_180426/aazzz_180426.azz | 2026-04-18 18:13:03 | f | 3MB
/var/tmp/aazzz_180426/aaazz_180426.aaa | 2026-04-18 18:13:03 | f | 3MB
/var/tmp/aazzz_180426/aazzz_180426.aaz | 2026-04-18 18:13:03 | f | 3MB
/var/tmp/aazzz_180426/aaazz_180426.aaa | 2026-04-18 18:13:03 | f | 3MB
/var/tmp/aazzz_180426/aaazz_180426.aaz | 2026-04-18 18:13:03 | f | 3MB
/var/tmp/aazzz_180426/aazzz_180426.aaa | 2026-04-18 18:13:03 | f | 3MB
/var/tmp/aazzz_180426/aaaaz_180426.aaa | 2026-04-18 18:13:03 | f | 3MB
/var/tmp/aazzz_180426/aaazz_180426.aaz | 2026-04-18 18:13:03 | f | 3MB
/var/tmp/aazzz_180426/aazzz_180426.aaa | 2026-04-18 18:13:03 | f | 3MB
/var/tmp/aazzz_180426/aaazz_180426.aaa | 2026-04-18 18:13:03 | f | 3MB
/var/tmp/aazzz_180426/aaazz_180426.azz | 2026-04-18 18:13:03 | f | 3MB
/var/tmp/aazzz_180426/aazzz_180426.aaz | 2026-04-18 18:13:03 | f | 3MB
/var/tmp/aazzz_180426/aaazz_180426.azz | 2026-04-18 18:13:03 | f | 3MB
/var/tmp/aazzz_180426/aazzz_180426.aaz | 2026-04-18 18:13:03 | f | 3MB
/var/tmp/aazzz_180426/aaazz_180426.aaz | 2026-04-18 18:13:03 | f | 3MB
/var/tmp/aazzz_180426/aaazz_180426.aaa | 2026-04-18 18:13:03 | f | 3MB
/var/tmp/aazzz_180426/aaaaz_180426.aaa | 2026-04-18 18:13:03 | f | 3MB
/var/tmp/aazzz_180426/aaazz_180426.aaa | 2026-04-18 18:13:03 | f | 3MB
/var/tmp/aazzz_180426/aazzz_180426.aaz | 2026-04-18 18:13:03 | f | 3MB
/var/tmp/aazzz_180426/aaazz_180426.aaa | 2026-04-18 18:13:03 | f | 3MB
/var/tmp/aazzz_180426/aazzz_180426.aaa | 2026-04-18 18:13:03 | f | 3MB
/var/tmp/aazzz_180426/aazzz_180426.aaz | 2026-04-18 18:13:03 | f | 3MB
/var/tmp/aazzz_180426/aaaaz_180426.aaa | 2026-04-18 18:13:03 | f | 3MB
/var/tmp/aazzz_180426/aaazz_180426.aaz | 2026-04-18 18:13:03 | f | 3MB
/var/tmp/aazzz_180426/aaazz_180426.aaz | 2026-04-18 18:13:03 | f | 3MB
/var/tmp/aazzz_180426/aaaaz_180426.aaa | 2026-04-18 18:13:03 | f | 3MB
/var/tmp/aazzz_180426/aaazz_180426.azz | 2026-04-18 18:13:03 | f | 3MB
/var/tmp/aazzz_180426/aazzz_180426.aaa | 2026-04-18 18:13:03 | f | 3MB
/var/tmp/aazzz_180426/azzzz_180426.aaa | 2026-04-18 18:13:03 | f | 3MB
/var/tmp/aazzz_180426/aaazz_180426.aaa | 2026-04-18 18:13:03 | f | 3MB
/var/tmp/aazzz_180426/aazzz_180426.aaa | 2026-04-18 18:13:03 | f | 3MB
/var/tmp/aazzz_180426/aaazz_180426.aaa | 2026-04-18 18:13:03 | f | 3MB
/var/tmp/aazzz_180426/aazzz_180426.aaz | 2026-04-18 18:13:03 | f | 3MB
/var/tmp/aazzz_180426/aaazz_180426.aaz | 2026-04-18 18:13:03 | f | 3MB
/var/tmp/aazzz_180426/aaaaz_180426.aaz | 2026-04-18 18:13:03 | f | 3MB
/var/tmp/aazzz_180426/aaazz_180426.aaa | 2026-04-18 18:13:03 | f | 3MB
/var/tmp/aazzz_180426/azzzz_180426.aaa | 2026-04-18 18:13:03 | f | 3MB
/var/tmp/aazzz_180426/aaazz_180426.azz | 2026-04-18 18:13:03 | f | 3MB
/var/tmp/aazzz_180426/aazzz_180426.aaa | 2026-04-18 18:13:03 | f | 3MB
/var/tmp/aazzz_180426/aazzz_180426.aaa | 2026-04-18 18:13:03 | f | 3MB
/var/tmp/aazzz_180426/aaaaz_180426.aaa | 2026-04-18 18:13:04 | f | 3MB
/var/tmp/aaazz_180426 | 2026-04-18 18:13:04 | d | 0KB
/var/tmp/aaazz_180426/aaazz_180426.aaa | 2026-04-18 18:13:04 | f | 3MB
/var/tmp/aaazz_180426/aazzz_180426.aaz | 2026-04-18 18:13:04 | f | 3MB
/var/tmp/aaazz_180426/aaazz_180426.aaa | 2026-04-18 18:13:04 | f | 3MB
/var/tmp/aaazz_180426/aazzz_180426.aaa | 2026-04-18 18:13:04 | f | 3MB
/var/tmp/aaazz_180426/aaazz_180426.aaa | 2026-04-18 18:13:04 | f | 3MB
/var/tmp/aaazz_180426/aaazz_180426.azz | 2026-04-18 18:13:04 | f | 3MB
/var/tmp/aaazz_180426/aaaaz_180426.aaa | 2026-04-18 18:13:04 | f | 3MB
/var/tmp/aaazz_180426/aazzz_180426.aaa | 2026-04-18 18:13:04 | f | 3MB
/var/tmp/aaaaz_180426 | 2026-04-18 18:13:04 | d | 0KB
/var/tmp/aaaaz_180426/aazzz_180426.azz | 2026-04-18 18:13:04 | f | 3MB
/var/tmp/aaaaz_180426/aaaaz_180426.aaa | 2026-04-18 18:13:04 | f | 3MB
/var/tmp/aaaaz_180426/aazzz_180426.aaz | 2026-04-18 18:13:04 | f | 3MB
/var/tmp/aaaaz_180426/aaazz_180426.aaz | 2026-04-18 18:13:04 | f | 3MB
/var/tmp/aaaaz_180426/aaazz_180426.aaa | 2026-04-18 18:13:04 | f | 3MB
/var/tmp/aaaaz_180426/aaazz_180426.aaz | 2026-04-18 18:13:04 | f | 3MB
/var/tmp/aaaaz_180426/aaazz_180426.aaa | 2026-04-18 18:13:04 | f | 3MB
/var/tmp/aaaaz_180426/aaazz_180426.aaz | 2026-04-18 18:13:04 | f | 3MB
/var/tmp/aaaaz_180426/aazzz_180426.aaz | 2026-04-18 18:13:04 | f | 3MB
/var/tmp/aaaaz_180426/aaazz_180426.aaz | 2026-04-18 18:13:04 | f | 3MB
/var/tmp/aaaaz_180426/aazzz_180426.aaz | 2026-04-18 18:13:04 | f | 3MB
/var/tmp/aaaaz_180426/aaazz_180426.aaz | 2026-04-18 18:13:04 | f | 3MB
/var/tmp/aaaaz_180426/aazzz_180426.aaz | 2026-04-18 18:13:04 | f | 3MB
/var/tmp/aaaaz_180426/aazzz_180426.aaa | 2026-04-18 18:13:04 | f | 3MB
/var/tmp/aaaaz_180426/aaazz_180426.aaz | 2026-04-18 18:13:04 | f | 3MB
/var/tmp/aaaaz_180426/azzzz_180426.aaa | 2026-04-18 18:13:04 | f | 3MB
/var/tmp/aaaaz_180426/aazzz_180426.aaz | 2026-04-18 18:13:04 | f | 3MB
/var/tmp/aaaaz_180426/azzzz_180426.aaa | 2026-04-18 18:13:04 | f | 3MB
/var/tmp/aaaaz_180426/aaazz_180426.aaa | 2026-04-18 18:13:04 | f | 3MB
/var/tmp/aaaaz_180426/aazzz_180426.aaa | 2026-04-18 18:13:04 | f | 3MB
/var/tmp/aaaaz_180426/aazzz_180426.aaa | 2026-04-18 18:13:04 | f | 3MB
/var/tmp/aaaaz_180426/azzzz_180426.aaz | 2026-04-18 18:13:04 | f | 3MB
/var/tmp/aaaaz_180426/aaazz_180426.aaz | 2026-04-18 18:13:04 | f | 3MB
/var/tmp/aaaaz_180426/aaaaz_180426.aaa | 2026-04-18 18:13:04 | f | 3MB
/var/tmp/aaaaz_180426/aaazz_180426.azz | 2026-04-18 18:13:04 | f | 3MB
/var/tmp/aaaaz_180426/aaazz_180426.aaz | 2026-04-18 18:13:04 | f | 3MB
/var/tmp/aaaaz_180426/aazzz_180426.azz | 2026-04-18 18:13:04 | f | 3MB
/var/tmp/aaaaz_180426/aaazz_180426.aaa | 2026-04-18 18:13:04 | f | 3MB
/var/tmp/aaaaz_180426/aaazz_180426.aaz | 2026-04-18 18:13:04 | f | 3MB
/var/tmp/aaaaz_180426/aazzz_180426.aaa | 2026-04-18 18:13:04 | f | 3MB
/var/tmp/aaaaz_180426/aazzz_180426.aaa | 2026-04-18 18:13:04 | f | 3MB
/var/tmp/aaaaz_180426/azzzz_180426.aaa | 2026-04-18 18:13:04 | f | 3MB
/var/tmp/aaaaz_180426/aazzz_180426.aaz | 2026-04-18 18:13:04 | f | 3MB
/var/tmp/aaaaz_180426/aazzz_180426.aaa | 2026-04-18 18:13:04 | f | 3MB
/var/tmp/aaaaz_180426/aaazz_180426.aaa | 2026-04-18 18:13:04 | f | 3MB
/var/tmp/aaaaz_180426/aazzz_180426.azz | 2026-04-18 18:13:04 | f | 3MB
/var/tmp/aaaaz_180426/aazzz_180426.aaa | 2026-04-18 18:13:04 | f | 3MB
/var/tmp/aaaaz_180426/aaazz_180426.aaz | 2026-04-18 18:13:04 | f | 3MB
/var/tmp/aaaaz_180426/aaaaz_180426.aaz | 2026-04-18 18:13:04 | f | 3MB
/var/tmp/aaaaz_180426/aaazz_180426.aaz | 2026-04-18 18:13:04 | f | 3MB
/var/tmp/aaaaz_180426/aaaaz_180426.aaz | 2026-04-18 18:13:04 | f | 3MB
/var/tmp/aaaaz_180426/aazzz_180426.aaz | 2026-04-18 18:13:04 | f | 3MB
/var/tmp/aaaaz_180426/azzzz_180426.azz | 2026-04-18 18:13:04 | f | 3MB
/var/tmp/aaaaz_180426/aazzz_180426.aaa | 2026-04-18 18:13:04 | f | 3MB
/var/tmp/aaaaz_180426 | 2026-04-18 18:13:04 | d | 0KB
/var/tmp/aaaaz_180426/aaazz_180426.aaz | 2026-04-18 18:13:04 | f | 3MB
/tmp/aaazz_180426 | 2026-04-18 18:13:05 | d | 0KB
/tmp/aaazz_180426/aazzz_180426.azz | 2026-04-18 18:13:05 | f | 3MB
/tmp/aaazz_180426/aaazz_180426.aaa | 2026-04-18 18:13:05 | f | 3MB
/tmp/aaazz_180426/aazzz_180426.aaz | 2026-04-18 18:13:05 | f | 3MB
/tmp/aaazz_180426/aaazz_180426.aaa | 2026-04-18 18:13:05 | f | 3MB
/tmp/aaazz_180426/aazzz_180426.aaa | 2026-04-18 18:13:05 | f | 3MB
/tmp/aaazz_180426/aazzz_180426.aaz | 2026-04-18 18:13:05 | f | 3MB
/tmp/aaazz_180426/aazzz_180426.aaa | 2026-04-18 18:13:05 | f | 3MB
/tmp/aaazz_180426/azzzz_180426.aaz | 2026-04-18 18:13:05 | f | 3MB
/tmp/aaazz_180426/aaazz_180426.aaz | 2026-04-18 18:13:05 | f | 3MB
/tmp/aaazz_180426/aazzz_180426.azz | 2026-04-18 18:13:05 | f | 3MB
/tmp/aaazz_180426/aaazz_180426.aaa | 2026-04-18 18:13:05 | f | 3MB
/tmp/aaazz_180426/aaaaz_180426.aaa | 2026-04-18 18:13:05 | f | 3MB
/tmp/aaazz_180426/aazzz_180426.azz | 2026-04-18 18:13:05 | f | 3MB
/tmp/aaazz_180426/aaazz_180426.aaa | 2026-04-18 18:13:05 | f | 3MB
/tmp/aaazz_180426/aazzz_180426.aaa | 2026-04-18 18:13:05 | f | 3MB
/tmp/aaazz_180426/aaaaz_180426.azz | 2026-04-18 18:13:05 | f | 3MB
/tmp/aaazz_180426/aazzz_180426.aaz | 2026-04-18 18:13:05 | f | 3MB
/tmp/aaazz_180426/aazzz_180426.azz | 2026-04-18 18:13:05 | f | 3MB
/tmp/aaazz_180426/aaazz_180426.aaz | 2026-04-18 18:13:05 | f | 3MB
/tmp/aaazz_180426/aaazz_180426.azz | 2026-04-18 18:13:05 | f | 3MB
/tmp/aaazz_180426/aaazz_180426.aaa | 2026-04-18 18:13:05 | f | 3MB
/tmp/aaazz_180426/aazzz_180426.aaz | 2026-04-18 18:13:05 | f | 3MB
/tmp/aaazz_180426/aazzz_180426.aaa | 2026-04-18 18:13:05 | f | 3MB
/tmp/aaazz_180426/aaazz_180426.aaz | 2026-04-18 18:13:05 | f | 3MB
/tmp/aaazz_180426/aaaaz_180426.aaz | 2026-04-18 18:13:05 | f | 3MB
/tmp/aaazz_180426/aaazz_180426.aaz | 2026-04-18 18:13:05 | f | 3MB
/tmp/aaazz_180426/aaaaz_180426.aaz | 2026-04-18 18:13:05 | f | 3MB
/tmp/aaazz_180426/aazzz_180426.aaz | 2026-04-18 18:13:05 | f | 3MB
/tmp/aaazz_180426/aazzz_180426.aaa | 2026-04-18 18:13:05 | f | 3MB
/tmp/aaazz_180426/aazzz_180426.aaa | 2026-04-18 18:13:05 | f | 3MB
/tmp/aaazz_180426/aazzz_180426.aaz | 2026-04-18 18:13:05 | f | 3MB
/tmp/aaazz_180426/aazzz_180426.aaa | 2026-04-18 18:13:05 | f | 3MB
/var/tmp/azzzz_180426 | 2026-04-18 18:13:05 | d | 0KB
/var/tmp/azzzz_180426/aaaaz_180426.aaz | 2026-04-18 18:13:05 | f | 3MB
/var/tmp/azzzz_180426/aazzz_180426.aaz | 2026-04-18 18:13:05 | f | 3MB
/var/tmp/azzzz_180426/aazzz_180426.aaz | 2026-04-18 18:13:05 | f | 3MB
/var/tmp/aaazz_180426 | 2026-04-18 18:13:05 | d | 0KB
/var/tmp/aaazz_180426/aazzz_180426.aaa | 2026-04-18 18:13:05 | f | 3MB
/var/tmp/aaazz_180426/aaazz_180426.aaa | 2026-04-18 18:13:05 | f | 3MB
/var/tmp/aaazz_180426/aaaaz_180426.aaa | 2026-04-18 18:13:05 | f | 3MB
/var/tmp/aaazz_180426/aazzz_180426.azz | 2026-04-18 18:13:05 | f | 3MB
/var/tmp/aaazz_180426/aaazz_180426.aaz | 2026-04-18 18:13:05 | f | 3MB
/var/tmp/aaazz_180426/aazzz_180426.aaz | 2026-04-18 18:13:05 | f | 3MB
/var/tmp/aaazz_180426/aazzz_180426.aaa | 2026-04-18 18:13:05 | f | 3MB
/var/tmp/aaazz_180426/aazzz_180426.aaa | 2026-04-18 18:13:05 | f | 3MB
/var/tmp/aaazz_180426/azzzz_180426.aaa | 2026-04-18 18:13:05 | f | 3MB
/var/tmp/aaazz_180426/aazzz_180426.aaa | 2026-04-18 18:13:05 | f | 3MB
/var/tmp/aaazz_180426/aaazz_180426.aaa | 2026-04-18 18:13:05 | f | 3MB
/var/tmp/aaazz_180426/aaazz_180426.aaa | 2026-04-18 18:13:05 | f | 3MB
/var/tmp/aaazz_180426/aaazz_180426.aaa | 2026-04-18 18:13:05 | f | 3MB
/var/tmp/aaazz_180426/aaazz_180426.aaz | 2026-04-18 18:13:05 | f | 3MB
/var/tmp/aaazz_180426/aaazz_180426.aaa | 2026-04-18 18:13:05 | f | 3MB
/var/tmp/aaazz_180426/aaaaz_180426.aaz | 2026-04-18 18:13:05 | f | 3MB
/var/tmp/aaazz_180426/aazzz_180426.aaa | 2026-04-18 18:13:05 | f | 3MB
/var/tmp/aaazz_180426/aaazz_180426.aaa | 2026-04-18 18:13:06 | f | 3MB
/var/tmp/aaazz_180426/aazzz_180426.aaa | 2026-04-18 18:13:06 | f | 3MB
/var/tmp/aaazz_180426/aaazz_180426.azz | 2026-04-18 18:13:06 | f | 3MB
/tmp/aaazz_180426 | 2026-04-18 18:13:06 | d | 0KB
/tmp/aaazz_180426/aaazz_180426.aaz | 2026-04-18 18:13:06 | f | 3MB
/var/tmp/azzzz_180426 | 2026-04-18 18:13:06 | d | 0KB
/var/tmp/azzzz_180426/aaazz_180426.aaa | 2026-04-18 18:13:06 | f | 3MB
/var/tmp/azzzz_180426/aaaaz_180426.aaa | 2026-04-18 18:13:06 | f | 3MB
/var/tmp/azzzz_180426/aaazz_180426.aaz | 2026-04-18 18:13:06 | f | 3MB
/var/tmp/azzzz_180426/aazzz_180426.azz | 2026-04-18 18:13:06 | f | 3MB
/var/tmp/azzzz_180426/aazzz_180426.aaz | 2026-04-18 18:13:06 | f | 3MB
/var/tmp/azzzz_180426/aazzz_180426.aaa | 2026-04-18 18:13:06 | f | 3MB
/var/tmp/azzzz_180426/aaazz_180426.aaz | 2026-04-18 18:13:06 | f | 3MB
/var/tmp/azzzz_180426/aazzz_180426.aaa | 2026-04-18 18:13:06 | f | 3MB
/var/tmp/azzzz_180426/aazzz_180426.aaz | 2026-04-18 18:13:06 | f | 3MB
/var/tmp/azzzz_180426/aaazz_180426.aaz | 2026-04-18 18:13:06 | f | 3MB
/var/tmp/azzzz_180426/aazzz_180426.aaz | 2026-04-18 18:13:06 | f | 3MB
/var/tmp/azzzz_180426/aazzz_180426.aaa | 2026-04-18 18:13:06 | f | 3MB
/var/tmp/azzzz_180426/aaazz_180426.azz | 2026-04-18 18:13:06 | f | 3MB
/var/tmp/azzzz_180426/aazzz_180426.aaz | 2026-04-18 18:13:06 | f | 3MB
/var/tmp/azzzz_180426/aazzz_180426.aaz | 2026-04-18 18:13:06 | f | 3MB
/var/tmp/azzzz_180426/aazzz_180426.aaa | 2026-04-18 18:13:06 | f | 3MB
/var/tmp/azzzz_180426/aazzz_180426.aaa | 2026-04-18 18:13:06 | f | 3MB
/var/tmp/azzzz_180426/aaaaz_180426.aaz | 2026-04-18 18:13:06 | f | 3MB
/var/tmp/azzzz_180426/azzzz_180426.aaz | 2026-04-18 18:13:06 | f | 3MB
/var/tmp/azzzz_180426/aaazz_180426.aaa | 2026-04-18 18:13:06 | f | 3MB
/var/tmp/azzzz_180426/aaazz_180426.aaa | 2026-04-18 18:13:06 | f | 3MB
/var/tmp/azzzz_180426/aaaaz_180426.aaz | 2026-04-18 18:13:06 | f | 3MB
/var/tmp/azzzz_180426/aazzz_180426.aaa | 2026-04-18 18:13:06 | f | 3MB
/var/tmp/azzzz_180426/aaazz_180426.aaz | 2026-04-18 18:13:06 | f | 3MB
/var/tmp/azzzz_180426/aazzz_180426.aaa | 2026-04-18 18:13:06 | f | 3MB
/var/tmp/azzzz_180426/aaaaz_180426.aaa | 2026-04-18 18:13:06 | f | 3MB
/var/tmp/azzzz_180426/aazzz_180426.azz | 2026-04-18 18:13:06 | f | 3MB
/var/tmp/azzzz_180426/aaaaz_180426.aaa | 2026-04-18 18:13:06 | f | 3MB
/var/tmp/azzzz_180426/aaazz_180426.aaz | 2026-04-18 18:13:06 | f | 3MB
/var/tmp/azzzz_180426/aazzz_180426.aaz | 2026-04-18 18:13:06 | f | 3MB
/var/tmp/azzzz_180426/aazzz_180426.aaz | 2026-04-18 18:13:06 | f | 3MB
/var/tmp/azzzz_180426/azzzz_180426.aaz | 2026-04-18 18:13:06 | f | 3MB
/var/tmp/azzzz_180426/aazzz_180426.aaa | 2026-04-18 18:13:06 | f | 3MB
/var/tmp/azzzz_180426/aaazz_180426.azz | 2026-04-18 18:13:06 | f | 3MB
/var/tmp/azzzz_180426/aazzz_180426.azz | 2026-04-18 18:13:06 | f | 3MB
/var/tmp/azzzz_180426/aazzz_180426.azz | 2026-04-18 18:13:06 | f | 3MB
/var/tmp/azzzz_180426/aazzz_180426.aaz | 2026-04-18 18:13:06 | f | 3MB
/var/tmp/azzzz_180426/aaazz_180426.aaz | 2026-04-18 18:13:06 | f | 3MB
/var/tmp/azzzz_180426/aaaaz_180426.aaa | 2026-04-18 18:13:06 | f | 3MB
/var/tmp/azzzz_180426/aaazz_180426.aaa | 2026-04-18 18:13:06 | f | 3MB
/var/tmp/azzzz_180426/azzzz_180426.aaz | 2026-04-18 18:13:06 | f | 3MB

================================================================================
Start time: 2026-04-18 18:12:51
End time: 2026-04-18 18:13:06
Elapsed time: 15 seconds
================================================================================

